#
# There is insufficient memory for the Java Runtime Environment to continue.
# Native memory allocation (malloc) failed to allocate 510592 bytes for Chunk::new
# Possible reasons:
#   The system is out of physical RAM or swap space
#   The process is running with CompressedOops enabled, and the Java Heap may be blocking the growth of the native heap
# Possible solutions:
#   Reduce memory load on the system
#   Increase physical memory or swap space
#   Check if swap backing store is full
#   Decrease Java heap size (-Xmx/-Xms)
#   Decrease number of Java threads
#   Decrease Java thread stack sizes (-Xss)
#   Set larger code cache with -XX:ReservedCodeCacheSize=
#   JVM is running with Unscaled Compressed Oops mode in which the Java heap is
#     placed in the first 4GB address space. The Java Heap base address is the
#     maximum limit for the native heap growth. Please use -XX:HeapBaseMinAddress
#     to set the Java Heap base and to place the Java Heap above 4GB virtual address.
# This output file may be truncated or incomplete.
#
#  Out of Memory Error (arena.cpp:168), pid=11836, tid=6436
#
# JRE version: Java(TM) SE Runtime Environment (21.0.2+13) (build 21.0.2+13-LTS-58)
# Java VM: Java HotSpot(TM) 64-Bit Server VM (21.0.2+13-LTS-58, mixed mode, sharing, tiered, compressed oops, compressed class ptrs, g1 gc, windows-amd64)
# No core dump will be written. Minidumps are not enabled by default on client versions of Windows
#

---------------  S U M M A R Y ------------

Command Line: inf.doc_login

Host: 11th Gen Intel(R) Core(TM) i7-1165G7 @ 2.80GHz, 8 cores, 7G,  Windows 10 , 64 bit Build 19041 (10.0.19041.4957)
Time: Tue Oct 15 21:08:35 2024 Sri Lanka Standard Time elapsed time: 281.118408 seconds (0d 0h 4m 41s)

---------------  T H R E A D  ---------------

Current thread (0x000002dd374e63b0):  JavaThread "C2 CompilerThread0" daemon [_thread_in_native, id=6436, stack(0x000000ffe9800000,0x000000ffe9900000) (1024K)]


Current CompileTask:
C2: 281118 3489       4       sun.java2d.marlin.Renderer::_endRendering (2646 bytes)

Stack: [0x000000ffe9800000,0x000000ffe9900000]
Native frames: (J=compiled Java code, j=interpreted, Vv=VM code, C=native code)
V  [jvm.dll+0x6cade9]
V  [jvm.dll+0x8569c1]
V  [jvm.dll+0x858d2e]
V  [jvm.dll+0x859413]
V  [jvm.dll+0x280e56]
V  [jvm.dll+0xc3f3d]
V  [jvm.dll+0xc4473]
V  [jvm.dll+0x3b5c2c]
V  [jvm.dll+0x382855]
V  [jvm.dll+0x381cca]
V  [jvm.dll+0x249bd0]
V  [jvm.dll+0x2491b1]
V  [jvm.dll+0x1c9634]
V  [jvm.dll+0x258859]
V  [jvm.dll+0x256e3a]
V  [jvm.dll+0x3ef6c6]
V  [jvm.dll+0x7ff568]
V  [jvm.dll+0x6c953d]
C  [ucrtbase.dll+0x21bb2]
C  [KERNEL32.DLL+0x17374]
C  [ntdll.dll+0x4cc91]


---------------  P R O C E S S  ---------------

Threads class SMR info:
_java_thread_list=0x000002dd00538800, length=20, elements={
0x000002dd374d1c00, 0x000002dd374d2810, 0x000002dd374d3420, 0x000002dd374d5ff0,
0x000002dd374d4030, 0x000002dd374d4a90, 0x000002dd374e63b0, 0x000002dd374e8580,
0x000002dd3773fc40, 0x000002dd377450c0, 0x000002dd37983fa0, 0x000002dd37987660,
0x000002dd37988ee0, 0x000002dd37a02460, 0x000002dd18bf2d90, 0x000002dd7e81f450,
0x000002dd7e81da10, 0x000002dd7e820170, 0x000002dd7e81d380, 0x000002dd002eb7d0
}

Java Threads: ( => current thread )
  0x000002dd374d1c00 JavaThread "Reference Handler"          daemon [_thread_blocked, id=6680, stack(0x000000ffe9200000,0x000000ffe9300000) (1024K)]
  0x000002dd374d2810 JavaThread "Finalizer"                  daemon [_thread_blocked, id=28556, stack(0x000000ffe9300000,0x000000ffe9400000) (1024K)]
  0x000002dd374d3420 JavaThread "Signal Dispatcher"          daemon [_thread_blocked, id=8976, stack(0x000000ffe9400000,0x000000ffe9500000) (1024K)]
  0x000002dd374d5ff0 JavaThread "Attach Listener"            daemon [_thread_blocked, id=25528, stack(0x000000ffe9500000,0x000000ffe9600000) (1024K)]
  0x000002dd374d4030 JavaThread "Service Thread"             daemon [_thread_blocked, id=21628, stack(0x000000ffe9600000,0x000000ffe9700000) (1024K)]
  0x000002dd374d4a90 JavaThread "Monitor Deflation Thread"   daemon [_thread_blocked, id=12980, stack(0x000000ffe9700000,0x000000ffe9800000) (1024K)]
=>0x000002dd374e63b0 JavaThread "C2 CompilerThread0"         daemon [_thread_in_native, id=6436, stack(0x000000ffe9800000,0x000000ffe9900000) (1024K)]
  0x000002dd374e8580 JavaThread "C1 CompilerThread0"         daemon [_thread_blocked, id=23792, stack(0x000000ffe9900000,0x000000ffe9a00000) (1024K)]
  0x000002dd3773fc40 JavaThread "Notification Thread"        daemon [_thread_blocked, id=2268, stack(0x000000ffe9a00000,0x000000ffe9b00000) (1024K)]
  0x000002dd377450c0 JavaThread "Common-Cleaner"             daemon [_thread_blocked, id=7972, stack(0x000000ffe9b00000,0x000000ffe9c00000) (1024K)]
  0x000002dd37983fa0 JavaThread "Java2D Disposer"            daemon [_thread_blocked, id=27684, stack(0x000000ffe9d00000,0x000000ffe9e00000) (1024K)]
  0x000002dd37987660 JavaThread "AWT-Shutdown"                      [_thread_blocked, id=8600, stack(0x000000ffe9e00000,0x000000ffe9f00000) (1024K)]
  0x000002dd37988ee0 JavaThread "AWT-Windows"                daemon [_thread_in_native, id=9788, stack(0x000000ffe9f00000,0x000000ffea000000) (1024K)]
  0x000002dd37a02460 JavaThread "AWT-EventQueue-0"                  [_thread_blocked, id=14268, stack(0x000000ffea000000,0x000000ffea100000) (1024K)]
  0x000002dd18bf2d90 JavaThread "DestroyJavaVM"                     [_thread_blocked, id=22696, stack(0x000000ffe8a00000,0x000000ffe8b00000) (1024K)]
  0x000002dd7e81f450 JavaThread "TimerQueue"                 daemon [_thread_blocked, id=23524, stack(0x000000ffe9c00000,0x000000ffe9d00000) (1024K)]
  0x000002dd7e81da10 JavaThread "mysql-cj-abandoned-connection-cleanup" daemon [_thread_blocked, id=22840, stack(0x000000ffeac00000,0x000000ffead00000) (1024K)]
  0x000002dd7e820170 JavaThread "Swing-Shell"                daemon [_thread_blocked, id=21812, stack(0x000000ffead00000,0x000000ffeae00000) (1024K)]
  0x000002dd7e81d380 JavaThread "Thread-0"                          [_thread_in_native, id=11044, stack(0x000000ffea200000,0x000000ffea300000) (1024K)]
  0x000002dd002eb7d0 JavaThread "Thread-1"                          [_thread_in_native, id=25756, stack(0x000000ffe8800000,0x000000ffe8900000) (1024K)]
Total: 20

Other Threads:
  0x000002dd374b3e00 VMThread "VM Thread"                           [id=20128, stack(0x000000ffe9100000,0x000000ffe9200000) (1024K)]
  0x000002dd3749aa80 WatcherThread "VM Periodic Task Thread"        [id=15584, stack(0x000000ffe9000000,0x000000ffe9100000) (1024K)]
  0x000002dd1ade4d40 WorkerThread "GC Thread#0"                     [id=28036, stack(0x000000ffe8b00000,0x000000ffe8c00000) (1024K)]
  0x000002dd37681110 WorkerThread "GC Thread#1"                     [id=12912, stack(0x000000ffea100000,0x000000ffea200000) (1024K)]
  0x000002dd376814b0 WorkerThread "GC Thread#2"                     [id=4960, stack(0x000000ffea600000,0x000000ffea700000) (1024K)]
  0x000002dd001efc50 WorkerThread "GC Thread#3"                     [id=20168, stack(0x000000ffea700000,0x000000ffea800000) (1024K)]
  0x000002dd001efff0 WorkerThread "GC Thread#4"                     [id=12372, stack(0x000000ffea800000,0x000000ffea900000) (1024K)]
  0x000002dd001f0390 WorkerThread "GC Thread#5"                     [id=27784, stack(0x000000ffea900000,0x000000ffeaa00000) (1024K)]
  0x000002dd7e98ada0 WorkerThread "GC Thread#6"                     [id=5904, stack(0x000000ffeaa00000,0x000000ffeab00000) (1024K)]
  0x000002dd7e9151f0 WorkerThread "GC Thread#7"                     [id=22844, stack(0x000000ffeab00000,0x000000ffeac00000) (1024K)]
  0x000002dd1adf6b10 ConcurrentGCThread "G1 Main Marker"            [id=20720, stack(0x000000ffe8c00000,0x000000ffe8d00000) (1024K)]
  0x000002dd1adf7420 WorkerThread "G1 Conc#0"                       [id=24088, stack(0x000000ffe8d00000,0x000000ffe8e00000) (1024K)]
  0x000002dd1ae594c0 ConcurrentGCThread "G1 Refine#0"               [id=16520, stack(0x000000ffe8e00000,0x000000ffe8f00000) (1024K)]
  0x000002dd1ae59ce0 ConcurrentGCThread "G1 Service"                [id=13152, stack(0x000000ffe8f00000,0x000000ffe9000000) (1024K)]
Total: 14

Threads with active compile tasks:
C2 CompilerThread0   281146 3489       4       sun.java2d.marlin.Renderer::_endRendering (2646 bytes)
Total: 1

VM state: not at safepoint (normal execution)

VM Mutex/Monitor currently owned by a thread: None

Heap address: 0x0000000084c00000, size: 1972 MB, Compressed Oops mode: 32-bit

CDS archive(s) mapped at: [0x000002dd38000000-0x000002dd38c90000-0x000002dd38c90000), size 13172736, SharedBaseAddress: 0x000002dd38000000, ArchiveRelocationMode: 1.
Compressed class space mapped at: 0x000002dd39000000-0x000002dd79000000, reserved size: 1073741824
Narrow klass base: 0x000002dd38000000, Narrow klass shift: 0, Narrow klass range: 0x100000000

GC Precious Log:
 CardTable entry size: 512
 Card Set container configuration: InlinePtr #cards 5 size 8 Array Of Cards #cards 12 size 40 Howl #buckets 4 coarsen threshold 1843 Howl Bitmap #cards 512 size 80 coarsen threshold 460 Card regions per heap region 1 cards per card region 2048
 CPUs: 8 total, 8 available
 Memory: 7886M
 Large Page Support: Disabled
 NUMA Support: Disabled
 Compressed Oops: Enabled (32-bit)
 Heap Region Size: 1M
 Heap Min Capacity: 8M
 Heap Initial Capacity: 124M
 Heap Max Capacity: 1972M
 Pre-touch: Disabled
 Parallel Workers: 8
 Concurrent Workers: 2
 Concurrent Refinement Workers: 8
 Periodic GC: Disabled

Heap:
 garbage-first heap   total 126976K, used 46357K [0x0000000084c00000, 0x0000000100000000)
  region size 1024K, 33 young (33792K), 3 survivors (3072K)
 Metaspace       used 19103K, committed 19456K, reserved 1114112K
  class space    used 2071K, committed 2240K, reserved 1048576K

Heap Regions: E=young(eden), S=young(survivor), O=old, HS=humongous(starts), HC=humongous(continues), CS=collection set, F=free, TAMS=top-at-mark-start, PB=parsable bottom
|   0|0x0000000084c00000, 0x0000000084d00000, 0x0000000084d00000|100%|HS|  |TAMS 0x0000000084c00000| PB 0x0000000084c00000| Complete 
|   1|0x0000000084d00000, 0x0000000084e00000, 0x0000000084e00000|100%|HS|  |TAMS 0x0000000084d00000| PB 0x0000000084d00000| Complete 
|   2|0x0000000084e00000, 0x0000000084f00000, 0x0000000084f00000|100%|HC|  |TAMS 0x0000000084e00000| PB 0x0000000084e00000| Complete 
|   3|0x0000000084f00000, 0x0000000085000000, 0x0000000085000000|100%|HC|  |TAMS 0x0000000084f00000| PB 0x0000000084f00000| Complete 
|   4|0x0000000085000000, 0x0000000085100000, 0x0000000085100000|100%|HC|  |TAMS 0x0000000085000000| PB 0x0000000085000000| Complete 
|   5|0x0000000085100000, 0x0000000085200000, 0x0000000085200000|100%| O|  |TAMS 0x0000000085100000| PB 0x0000000085100000| Untracked 
|   6|0x0000000085200000, 0x0000000085245510, 0x0000000085300000| 27%| O|  |TAMS 0x0000000085200000| PB 0x0000000085200000| Untracked 
|   7|0x0000000085300000, 0x0000000085400000, 0x0000000085400000|100%|HS|  |TAMS 0x0000000085300000| PB 0x0000000085300000| Complete 
|   8|0x0000000085400000, 0x0000000085500000, 0x0000000085500000|100%|HC|  |TAMS 0x0000000085400000| PB 0x0000000085400000| Complete 
|   9|0x0000000085500000, 0x0000000085600000, 0x0000000085600000|100%|HC|  |TAMS 0x0000000085500000| PB 0x0000000085500000| Complete 
|  10|0x0000000085600000, 0x0000000085700000, 0x0000000085700000|100%|HC|  |TAMS 0x0000000085600000| PB 0x0000000085600000| Complete 
|  11|0x0000000085700000, 0x0000000085800000, 0x0000000085800000|100%|HS|  |TAMS 0x0000000085700000| PB 0x0000000085700000| Complete 
|  12|0x0000000085800000, 0x0000000085900000, 0x0000000085900000|100%|HC|  |TAMS 0x0000000085800000| PB 0x0000000085800000| Complete 
|  13|0x0000000085900000, 0x0000000085a00000, 0x0000000085a00000|100%|HC|  |TAMS 0x0000000085900000| PB 0x0000000085900000| Complete 
|  14|0x0000000085a00000, 0x0000000085b00000, 0x0000000085b00000|100%|HC|  |TAMS 0x0000000085a00000| PB 0x0000000085a00000| Complete 
|  15|0x0000000085b00000, 0x0000000085b00000, 0x0000000085c00000|  0%| F|  |TAMS 0x0000000085b00000| PB 0x0000000085b00000| Untracked 
|  16|0x0000000085c00000, 0x0000000085c00000, 0x0000000085d00000|  0%| F|  |TAMS 0x0000000085c00000| PB 0x0000000085c00000| Untracked 
|  17|0x0000000085d00000, 0x0000000085d00000, 0x0000000085e00000|  0%| F|  |TAMS 0x0000000085d00000| PB 0x0000000085d00000| Untracked 
|  18|0x0000000085e00000, 0x0000000085e00000, 0x0000000085f00000|  0%| F|  |TAMS 0x0000000085e00000| PB 0x0000000085e00000| Untracked 
|  19|0x0000000085f00000, 0x0000000085f00000, 0x0000000086000000|  0%| F|  |TAMS 0x0000000085f00000| PB 0x0000000085f00000| Untracked 
|  20|0x0000000086000000, 0x0000000086000000, 0x0000000086100000|  0%| F|  |TAMS 0x0000000086000000| PB 0x0000000086000000| Untracked 
|  21|0x0000000086100000, 0x0000000086100000, 0x0000000086200000|  0%| F|  |TAMS 0x0000000086100000| PB 0x0000000086100000| Untracked 
|  22|0x0000000086200000, 0x0000000086200000, 0x0000000086300000|  0%| F|  |TAMS 0x0000000086200000| PB 0x0000000086200000| Untracked 
|  23|0x0000000086300000, 0x0000000086300000, 0x0000000086400000|  0%| F|  |TAMS 0x0000000086300000| PB 0x0000000086300000| Untracked 
|  24|0x0000000086400000, 0x0000000086400000, 0x0000000086500000|  0%| F|  |TAMS 0x0000000086400000| PB 0x0000000086400000| Untracked 
|  25|0x0000000086500000, 0x0000000086500000, 0x0000000086600000|  0%| F|  |TAMS 0x0000000086500000| PB 0x0000000086500000| Untracked 
|  26|0x0000000086600000, 0x0000000086600000, 0x0000000086700000|  0%| F|  |TAMS 0x0000000086600000| PB 0x0000000086600000| Untracked 
|  27|0x0000000086700000, 0x0000000086700000, 0x0000000086800000|  0%| F|  |TAMS 0x0000000086700000| PB 0x0000000086700000| Untracked 
|  28|0x0000000086800000, 0x0000000086800000, 0x0000000086900000|  0%| F|  |TAMS 0x0000000086800000| PB 0x0000000086800000| Untracked 
|  29|0x0000000086900000, 0x0000000086900000, 0x0000000086a00000|  0%| F|  |TAMS 0x0000000086900000| PB 0x0000000086900000| Untracked 
|  30|0x0000000086a00000, 0x0000000086a00000, 0x0000000086b00000|  0%| F|  |TAMS 0x0000000086a00000| PB 0x0000000086a00000| Untracked 
|  31|0x0000000086b00000, 0x0000000086b00000, 0x0000000086c00000|  0%| F|  |TAMS 0x0000000086b00000| PB 0x0000000086b00000| Untracked 
|  32|0x0000000086c00000, 0x0000000086c00000, 0x0000000086d00000|  0%| F|  |TAMS 0x0000000086c00000| PB 0x0000000086c00000| Untracked 
|  33|0x0000000086d00000, 0x0000000086d00000, 0x0000000086e00000|  0%| F|  |TAMS 0x0000000086d00000| PB 0x0000000086d00000| Untracked 
|  34|0x0000000086e00000, 0x0000000086e00000, 0x0000000086f00000|  0%| F|  |TAMS 0x0000000086e00000| PB 0x0000000086e00000| Untracked 
|  35|0x0000000086f00000, 0x0000000086f00000, 0x0000000087000000|  0%| F|  |TAMS 0x0000000086f00000| PB 0x0000000086f00000| Untracked 
|  36|0x0000000087000000, 0x0000000087000000, 0x0000000087100000|  0%| F|  |TAMS 0x0000000087000000| PB 0x0000000087000000| Untracked 
|  37|0x0000000087100000, 0x0000000087100000, 0x0000000087200000|  0%| F|  |TAMS 0x0000000087100000| PB 0x0000000087100000| Untracked 
|  38|0x0000000087200000, 0x0000000087200000, 0x0000000087300000|  0%| F|  |TAMS 0x0000000087200000| PB 0x0000000087200000| Untracked 
|  39|0x0000000087300000, 0x0000000087300000, 0x0000000087400000|  0%| F|  |TAMS 0x0000000087300000| PB 0x0000000087300000| Untracked 
|  40|0x0000000087400000, 0x0000000087400000, 0x0000000087500000|  0%| F|  |TAMS 0x0000000087400000| PB 0x0000000087400000| Untracked 
|  41|0x0000000087500000, 0x0000000087500000, 0x0000000087600000|  0%| F|  |TAMS 0x0000000087500000| PB 0x0000000087500000| Untracked 
|  42|0x0000000087600000, 0x0000000087600000, 0x0000000087700000|  0%| F|  |TAMS 0x0000000087600000| PB 0x0000000087600000| Untracked 
|  43|0x0000000087700000, 0x0000000087700000, 0x0000000087800000|  0%| F|  |TAMS 0x0000000087700000| PB 0x0000000087700000| Untracked 
|  44|0x0000000087800000, 0x0000000087800000, 0x0000000087900000|  0%| F|  |TAMS 0x0000000087800000| PB 0x0000000087800000| Untracked 
|  45|0x0000000087900000, 0x0000000087900000, 0x0000000087a00000|  0%| F|  |TAMS 0x0000000087900000| PB 0x0000000087900000| Untracked 
|  46|0x0000000087a00000, 0x0000000087a00000, 0x0000000087b00000|  0%| F|  |TAMS 0x0000000087a00000| PB 0x0000000087a00000| Untracked 
|  47|0x0000000087b00000, 0x0000000087b00000, 0x0000000087c00000|  0%| F|  |TAMS 0x0000000087b00000| PB 0x0000000087b00000| Untracked 
|  48|0x0000000087c00000, 0x0000000087c00000, 0x0000000087d00000|  0%| F|  |TAMS 0x0000000087c00000| PB 0x0000000087c00000| Untracked 
|  49|0x0000000087d00000, 0x0000000087d00000, 0x0000000087e00000|  0%| F|  |TAMS 0x0000000087d00000| PB 0x0000000087d00000| Untracked 
|  50|0x0000000087e00000, 0x0000000087e00000, 0x0000000087f00000|  0%| F|  |TAMS 0x0000000087e00000| PB 0x0000000087e00000| Untracked 
|  51|0x0000000087f00000, 0x0000000087f00000, 0x0000000088000000|  0%| F|  |TAMS 0x0000000087f00000| PB 0x0000000087f00000| Untracked 
|  52|0x0000000088000000, 0x0000000088000000, 0x0000000088100000|  0%| F|  |TAMS 0x0000000088000000| PB 0x0000000088000000| Untracked 
|  53|0x0000000088100000, 0x0000000088100000, 0x0000000088200000|  0%| F|  |TAMS 0x0000000088100000| PB 0x0000000088100000| Untracked 
|  54|0x0000000088200000, 0x0000000088200000, 0x0000000088300000|  0%| F|  |TAMS 0x0000000088200000| PB 0x0000000088200000| Untracked 
|  55|0x0000000088300000, 0x0000000088300000, 0x0000000088400000|  0%| F|  |TAMS 0x0000000088300000| PB 0x0000000088300000| Untracked 
|  56|0x0000000088400000, 0x0000000088400000, 0x0000000088500000|  0%| F|  |TAMS 0x0000000088400000| PB 0x0000000088400000| Untracked 
|  57|0x0000000088500000, 0x0000000088500000, 0x0000000088600000|  0%| F|  |TAMS 0x0000000088500000| PB 0x0000000088500000| Untracked 
|  58|0x0000000088600000, 0x0000000088600000, 0x0000000088700000|  0%| F|  |TAMS 0x0000000088600000| PB 0x0000000088600000| Untracked 
|  59|0x0000000088700000, 0x0000000088700000, 0x0000000088800000|  0%| F|  |TAMS 0x0000000088700000| PB 0x0000000088700000| Untracked 
|  60|0x0000000088800000, 0x0000000088800000, 0x0000000088900000|  0%| F|  |TAMS 0x0000000088800000| PB 0x0000000088800000| Untracked 
|  61|0x0000000088900000, 0x0000000088900000, 0x0000000088a00000|  0%| F|  |TAMS 0x0000000088900000| PB 0x0000000088900000| Untracked 
|  62|0x0000000088a00000, 0x0000000088a00000, 0x0000000088b00000|  0%| F|  |TAMS 0x0000000088a00000| PB 0x0000000088a00000| Untracked 
|  63|0x0000000088b00000, 0x0000000088b00000, 0x0000000088c00000|  0%| F|  |TAMS 0x0000000088b00000| PB 0x0000000088b00000| Untracked 
|  64|0x0000000088c00000, 0x0000000088c00000, 0x0000000088d00000|  0%| F|  |TAMS 0x0000000088c00000| PB 0x0000000088c00000| Untracked 
|  65|0x0000000088d00000, 0x0000000088d00000, 0x0000000088e00000|  0%| F|  |TAMS 0x0000000088d00000| PB 0x0000000088d00000| Untracked 
|  66|0x0000000088e00000, 0x0000000088e00000, 0x0000000088f00000|  0%| F|  |TAMS 0x0000000088e00000| PB 0x0000000088e00000| Untracked 
|  67|0x0000000088f00000, 0x0000000088f00000, 0x0000000089000000|  0%| F|  |TAMS 0x0000000088f00000| PB 0x0000000088f00000| Untracked 
|  68|0x0000000089000000, 0x0000000089000000, 0x0000000089100000|  0%| F|  |TAMS 0x0000000089000000| PB 0x0000000089000000| Untracked 
|  69|0x0000000089100000, 0x0000000089100000, 0x0000000089200000|  0%| F|  |TAMS 0x0000000089100000| PB 0x0000000089100000| Untracked 
|  70|0x0000000089200000, 0x0000000089200000, 0x0000000089300000|  0%| F|  |TAMS 0x0000000089200000| PB 0x0000000089200000| Untracked 
|  71|0x0000000089300000, 0x0000000089300000, 0x0000000089400000|  0%| F|  |TAMS 0x0000000089300000| PB 0x0000000089300000| Untracked 
|  72|0x0000000089400000, 0x0000000089400000, 0x0000000089500000|  0%| F|  |TAMS 0x0000000089400000| PB 0x0000000089400000| Untracked 
|  73|0x0000000089500000, 0x0000000089500000, 0x0000000089600000|  0%| F|  |TAMS 0x0000000089500000| PB 0x0000000089500000| Untracked 
|  74|0x0000000089600000, 0x0000000089600000, 0x0000000089700000|  0%| F|  |TAMS 0x0000000089600000| PB 0x0000000089600000| Untracked 
|  75|0x0000000089700000, 0x0000000089700000, 0x0000000089800000|  0%| F|  |TAMS 0x0000000089700000| PB 0x0000000089700000| Untracked 
|  76|0x0000000089800000, 0x0000000089800000, 0x0000000089900000|  0%| F|  |TAMS 0x0000000089800000| PB 0x0000000089800000| Untracked 
|  77|0x0000000089900000, 0x0000000089900000, 0x0000000089a00000|  0%| F|  |TAMS 0x0000000089900000| PB 0x0000000089900000| Untracked 
|  78|0x0000000089a00000, 0x0000000089a00000, 0x0000000089b00000|  0%| F|  |TAMS 0x0000000089a00000| PB 0x0000000089a00000| Untracked 
|  79|0x0000000089b00000, 0x0000000089b00000, 0x0000000089c00000|  0%| F|  |TAMS 0x0000000089b00000| PB 0x0000000089b00000| Untracked 
|  80|0x0000000089c00000, 0x0000000089c00000, 0x0000000089d00000|  0%| F|  |TAMS 0x0000000089c00000| PB 0x0000000089c00000| Untracked 
|  81|0x0000000089d00000, 0x0000000089d00000, 0x0000000089e00000|  0%| F|  |TAMS 0x0000000089d00000| PB 0x0000000089d00000| Untracked 
|  82|0x0000000089e00000, 0x0000000089e00000, 0x0000000089f00000|  0%| F|  |TAMS 0x0000000089e00000| PB 0x0000000089e00000| Untracked 
|  83|0x0000000089f00000, 0x0000000089f00000, 0x000000008a000000|  0%| F|  |TAMS 0x0000000089f00000| PB 0x0000000089f00000| Untracked 
|  84|0x000000008a000000, 0x000000008a000000, 0x000000008a100000|  0%| F|  |TAMS 0x000000008a000000| PB 0x000000008a000000| Untracked 
|  85|0x000000008a100000, 0x000000008a100000, 0x000000008a200000|  0%| F|  |TAMS 0x000000008a100000| PB 0x000000008a100000| Untracked 
|  86|0x000000008a200000, 0x000000008a200000, 0x000000008a300000|  0%| F|  |TAMS 0x000000008a200000| PB 0x000000008a200000| Untracked 
|  87|0x000000008a300000, 0x000000008a300000, 0x000000008a400000|  0%| F|  |TAMS 0x000000008a300000| PB 0x000000008a300000| Untracked 
|  88|0x000000008a400000, 0x000000008a400000, 0x000000008a500000|  0%| F|  |TAMS 0x000000008a400000| PB 0x000000008a400000| Untracked 
|  89|0x000000008a500000, 0x000000008a500000, 0x000000008a600000|  0%| F|  |TAMS 0x000000008a500000| PB 0x000000008a500000| Untracked 
|  90|0x000000008a600000, 0x000000008a600000, 0x000000008a700000|  0%| F|  |TAMS 0x000000008a600000| PB 0x000000008a600000| Untracked 
|  91|0x000000008a700000, 0x000000008a7e0278, 0x000000008a800000| 87%| E|  |TAMS 0x000000008a700000| PB 0x000000008a700000| Complete 
|  92|0x000000008a800000, 0x000000008a900000, 0x000000008a900000|100%| E|CS|TAMS 0x000000008a800000| PB 0x000000008a800000| Complete 
|  93|0x000000008a900000, 0x000000008aa00000, 0x000000008aa00000|100%| E|CS|TAMS 0x000000008a900000| PB 0x000000008a900000| Complete 
|  94|0x000000008aa00000, 0x000000008ab00000, 0x000000008ab00000|100%| E|CS|TAMS 0x000000008aa00000| PB 0x000000008aa00000| Complete 
|  95|0x000000008ab00000, 0x000000008ac00000, 0x000000008ac00000|100%| E|CS|TAMS 0x000000008ab00000| PB 0x000000008ab00000| Complete 
|  96|0x000000008ac00000, 0x000000008ad00000, 0x000000008ad00000|100%| E|CS|TAMS 0x000000008ac00000| PB 0x000000008ac00000| Complete 
|  97|0x000000008ad00000, 0x000000008ae00000, 0x000000008ae00000|100%| E|CS|TAMS 0x000000008ad00000| PB 0x000000008ad00000| Complete 
|  98|0x000000008ae00000, 0x000000008af00000, 0x000000008af00000|100%| S|CS|TAMS 0x000000008ae00000| PB 0x000000008ae00000| Complete 
|  99|0x000000008af00000, 0x000000008b000000, 0x000000008b000000|100%| S|CS|TAMS 0x000000008af00000| PB 0x000000008af00000| Complete 
| 100|0x000000008b000000, 0x000000008b100000, 0x000000008b100000|100%| S|CS|TAMS 0x000000008b000000| PB 0x000000008b000000| Complete 
| 101|0x000000008b100000, 0x000000008b200000, 0x000000008b200000|100%| E|CS|TAMS 0x000000008b100000| PB 0x000000008b100000| Complete 
| 102|0x000000008b200000, 0x000000008b300000, 0x000000008b300000|100%| E|  |TAMS 0x000000008b200000| PB 0x000000008b200000| Complete 
| 103|0x000000008b300000, 0x000000008b400000, 0x000000008b400000|100%| E|CS|TAMS 0x000000008b300000| PB 0x000000008b300000| Complete 
| 104|0x000000008b400000, 0x000000008b500000, 0x000000008b500000|100%| E|CS|TAMS 0x000000008b400000| PB 0x000000008b400000| Complete 
| 105|0x000000008b500000, 0x000000008b600000, 0x000000008b600000|100%| E|CS|TAMS 0x000000008b500000| PB 0x000000008b500000| Complete 
| 106|0x000000008b600000, 0x000000008b700000, 0x000000008b700000|100%| E|CS|TAMS 0x000000008b600000| PB 0x000000008b600000| Complete 
| 107|0x000000008b700000, 0x000000008b800000, 0x000000008b800000|100%| E|CS|TAMS 0x000000008b700000| PB 0x000000008b700000| Complete 
| 108|0x000000008b800000, 0x000000008b900000, 0x000000008b900000|100%| E|CS|TAMS 0x000000008b800000| PB 0x000000008b800000| Complete 
| 109|0x000000008b900000, 0x000000008ba00000, 0x000000008ba00000|100%| E|CS|TAMS 0x000000008b900000| PB 0x000000008b900000| Complete 
| 110|0x000000008ba00000, 0x000000008bb00000, 0x000000008bb00000|100%| E|CS|TAMS 0x000000008ba00000| PB 0x000000008ba00000| Complete 
| 111|0x000000008bb00000, 0x000000008bc00000, 0x000000008bc00000|100%| E|CS|TAMS 0x000000008bb00000| PB 0x000000008bb00000| Complete 
| 112|0x000000008bc00000, 0x000000008bd00000, 0x000000008bd00000|100%| E|CS|TAMS 0x000000008bc00000| PB 0x000000008bc00000| Complete 
| 113|0x000000008bd00000, 0x000000008be00000, 0x000000008be00000|100%| E|CS|TAMS 0x000000008bd00000| PB 0x000000008bd00000| Complete 
| 114|0x000000008be00000, 0x000000008bf00000, 0x000000008bf00000|100%| E|CS|TAMS 0x000000008be00000| PB 0x000000008be00000| Complete 
| 115|0x000000008bf00000, 0x000000008c000000, 0x000000008c000000|100%| E|CS|TAMS 0x000000008bf00000| PB 0x000000008bf00000| Complete 
| 116|0x000000008c000000, 0x000000008c100000, 0x000000008c100000|100%| E|CS|TAMS 0x000000008c000000| PB 0x000000008c000000| Complete 
| 117|0x000000008c100000, 0x000000008c200000, 0x000000008c200000|100%| E|CS|TAMS 0x000000008c100000| PB 0x000000008c100000| Complete 
| 118|0x000000008c200000, 0x000000008c300000, 0x000000008c300000|100%| E|CS|TAMS 0x000000008c200000| PB 0x000000008c200000| Complete 
| 119|0x000000008c300000, 0x000000008c400000, 0x000000008c400000|100%| E|CS|TAMS 0x000000008c300000| PB 0x000000008c300000| Complete 
| 120|0x000000008c400000, 0x000000008c500000, 0x000000008c500000|100%| E|CS|TAMS 0x000000008c400000| PB 0x000000008c400000| Complete 
| 121|0x000000008c500000, 0x000000008c600000, 0x000000008c600000|100%| E|CS|TAMS 0x000000008c500000| PB 0x000000008c500000| Complete 
| 122|0x000000008c600000, 0x000000008c700000, 0x000000008c700000|100%| E|CS|TAMS 0x000000008c600000| PB 0x000000008c600000| Complete 
| 123|0x000000008c700000, 0x000000008c800000, 0x000000008c800000|100%| E|CS|TAMS 0x000000008c700000| PB 0x000000008c700000| Complete 

Card table byte_map: [0x000002dd32800000,0x000002dd32be0000] _byte_map_base: 0x000002dd323da000

Marking Bits: (CMBitMap*) 0x000002dd1ade5250
 Bits: [0x000002dd32be0000, 0x000002dd34ab0000)

Polling page: 0x000002dd18b90000

Metaspace:

Usage:
  Non-class:     16.63 MB used.
      Class:      2.02 MB used.
       Both:     18.66 MB used.

Virtual space:
  Non-class space:       64.00 MB reserved,      16.81 MB ( 26%) committed,  1 nodes.
      Class space:        1.00 GB reserved,       2.19 MB ( <1%) committed,  1 nodes.
             Both:        1.06 GB reserved,      19.00 MB (  2%) committed. 

Chunk freelists:
   Non-Class:  14.99 MB
       Class:  13.74 MB
        Both:  28.73 MB

MaxMetaspaceSize: unlimited
CompressedClassSpaceSize: 1.00 GB
Initial GC threshold: 21.00 MB
Current GC threshold: 21.00 MB
CDS: on
 - commit_granule_bytes: 65536.
 - commit_granule_words: 8192.
 - virtual_space_node_default_size: 8388608.
 - enlarge_chunks_in_place: 1.
 - use_allocation_guard: 0.


Internal statistics:

num_allocs_failed_limit: 0.
num_arena_births: 204.
num_arena_deaths: 0.
num_vsnodes_births: 2.
num_vsnodes_deaths: 0.
num_space_committed: 304.
num_space_uncommitted: 0.
num_chunks_returned_to_freelist: 0.
num_chunks_taken_from_freelist: 400.
num_chunk_merges: 0.
num_chunk_splits: 250.
num_chunks_enlarged: 145.
num_inconsistent_stats: 0.

CodeHeap 'non-profiled nmethods': size=120000Kb used=1762Kb max_used=1762Kb free=118238Kb
 bounds [0x000002dd2acd0000, 0x000002dd2af40000, 0x000002dd32200000]
CodeHeap 'profiled nmethods': size=120000Kb used=7251Kb max_used=7251Kb free=112748Kb
 bounds [0x000002dd23200000, 0x000002dd23920000, 0x000002dd2a730000]
CodeHeap 'non-nmethods': size=5760Kb used=1940Kb max_used=1980Kb free=3819Kb
 bounds [0x000002dd2a730000, 0x000002dd2a9a0000, 0x000002dd2acd0000]
 total_blobs=4246 nmethods=3488 adapters=660
 compilation: enabled
              stopped_count=0, restarted_count=0
 full_count=0

Compilation events (20 events):
Event: 247.406 Thread 0x000002dd374e63b0 nmethod 3479 0x000002dd2ae71b90 code [0x000002dd2ae71da0, 0x000002dd2ae72f38]
Event: 255.551 Thread 0x000002dd374e8580 3480       3       java.awt.Container::getMouseEventTarget (50 bytes)
Event: 255.552 Thread 0x000002dd374e8580 nmethod 3480 0x000002dd23912a10 code [0x000002dd23912bc0, 0x000002dd23912e80]
Event: 256.040 Thread 0x000002dd374e63b0 3481       4       java.awt.Component::getGraphicsConfiguration (5 bytes)
Event: 256.040 Thread 0x000002dd374e63b0 nmethod 3481 0x000002dd2ae73e10 code [0x000002dd2ae73fa0, 0x000002dd2ae74030]
Event: 256.040 Thread 0x000002dd374e63b0 3482 %     4       sun.java2d.marlin.Renderer::_endRendering @ 272 (2646 bytes)
Event: 256.040 Thread 0x000002dd374e8580 3483       3       java.awt.geom.RoundRectangle2D$Float::getBounds2D (24 bytes)
Event: 256.041 Thread 0x000002dd374e8580 nmethod 3483 0x000002dd23912f90 code [0x000002dd23913140, 0x000002dd23913300]
Event: 256.138 Thread 0x000002dd374e63b0 nmethod 3482% 0x000002dd2ae74110 code [0x000002dd2ae74480, 0x000002dd2ae79f10]
Event: 256.138 Thread 0x000002dd374e63b0 3484       4       java.lang.Class::getClassLoader (28 bytes)
Event: 256.138 Thread 0x000002dd374e63b0 nmethod 3484 0x000002dd2ae7d990 code [0x000002dd2ae7db20, 0x000002dd2ae7dbb8]
Event: 271.260 Thread 0x000002dd374e8580 3485       3       java.io.File::exists (34 bytes)
Event: 271.260 Thread 0x000002dd374e8580 nmethod 3485 0x000002dd23913390 code [0x000002dd23913580, 0x000002dd23913990]
Event: 280.705 Thread 0x000002dd374e8580 3486       3       javax.swing.plaf.nimbus.AbstractRegionPainter::prepare (635 bytes)
Event: 280.706 Thread 0x000002dd374e63b0 3487 %     4       sun.java2d.marlin.Renderer::_endRendering @ 808 (2646 bytes)
Event: 280.707 Thread 0x000002dd374e8580 nmethod 3486 0x000002dd23913b10 code [0x000002dd23913de0, 0x000002dd23914a18]
Event: 280.874 Thread 0x000002dd374e63b0 nmethod 3487% 0x000002dd2ae7dc90 code [0x000002dd2ae7e020, 0x000002dd2ae845a0]
Event: 280.874 Thread 0x000002dd374e63b0 3488       4       java.awt.Container::eventEnabled (49 bytes)
Event: 280.875 Thread 0x000002dd374e63b0 nmethod 3488 0x000002dd2ae88410 code [0x000002dd2ae885a0, 0x000002dd2ae886b0]
Event: 281.064 Thread 0x000002dd374e63b0 3489       4       sun.java2d.marlin.Renderer::_endRendering (2646 bytes)

GC Heap History (2 events):
Event: 7.415 GC heap before
{Heap before GC invocations=0 (full 0):
 garbage-first heap   total 126976K, used 28672K [0x0000000084c00000, 0x0000000100000000)
  region size 1024K, 23 young (23552K), 0 survivors (0K)
 Metaspace       used 10972K, committed 11200K, reserved 1114112K
  class space    used 1205K, committed 1344K, reserved 1048576K
}
Event: 7.421 GC heap after
{Heap after GC invocations=1 (full 0):
 garbage-first heap   total 126976K, used 9493K [0x0000000084c00000, 0x0000000100000000)
  region size 1024K, 3 young (3072K), 3 survivors (3072K)
 Metaspace       used 10972K, committed 11200K, reserved 1114112K
  class space    used 1205K, committed 1344K, reserved 1048576K
}

Dll operation events (11 events):
Event: 0.005 Loaded shared library C:\Program Files\Java\jdk-21\bin\java.dll
Event: 0.039 Loaded shared library C:\Program Files\Java\jdk-21\bin\jsvml.dll
Event: 0.067 Loaded shared library C:\Program Files\Java\jdk-21\bin\jimage.dll
Event: 0.080 Loaded shared library C:\Program Files\Java\jdk-21\bin\net.dll
Event: 0.081 Loaded shared library C:\Program Files\Java\jdk-21\bin\nio.dll
Event: 0.086 Loaded shared library C:\Program Files\Java\jdk-21\bin\zip.dll
Event: 0.119 Loaded shared library C:\Program Files\Java\jdk-21\bin\awt.dll
Event: 0.247 Loaded shared library C:\Program Files\Java\jdk-21\bin\freetype.dll
Event: 0.248 Loaded shared library C:\Program Files\Java\jdk-21\bin\fontmanager.dll
Event: 0.466 Loaded shared library C:\Program Files\Java\jdk-21\bin\javajpeg.dll
Event: 7.847 Loaded shared library C:\Program Files\Java\jdk-21\bin\extnet.dll

Deoptimization events (20 events):
Event: 245.820 Thread 0x000002dd37a02460 DEOPT PACKING pc=0x000002dd2ad55a00 sp=0x000000ffea0fbb50
Event: 245.820 Thread 0x000002dd37a02460 DEOPT UNPACKING pc=0x000002dd2a787da2 sp=0x000000ffea0fba48 mode 2
Event: 245.820 Thread 0x000002dd37a02460 Uncommon trap: trap_request=0xffffff45 fr.pc=0x000002dd2ad19848 relative=0x0000000000001488
Event: 245.820 Thread 0x000002dd37a02460 Uncommon trap: reason=unstable_if action=reinterpret pc=0x000002dd2ad19848 method=sun.java2d.marlin.MarlinCache.copyAARowRLE_WithBlockFlags([I[IIII)V @ 462 c2
Event: 245.820 Thread 0x000002dd37a02460 DEOPT PACKING pc=0x000002dd2ad19848 sp=0x000000ffea0fbb10
Event: 245.820 Thread 0x000002dd37a02460 DEOPT UNPACKING pc=0x000002dd2a787da2 sp=0x000000ffea0fba48 mode 2
Event: 246.371 Thread 0x000002dd37a02460 DEOPT PACKING pc=0x000002dd238e2716 sp=0x000000ffea0fbb50
Event: 246.371 Thread 0x000002dd37a02460 DEOPT UNPACKING pc=0x000002dd2a7888e2 sp=0x000000ffea0fafa0 mode 0
Event: 247.386 Thread 0x000002dd37a02460 DEOPT PACKING pc=0x000002dd238e2716 sp=0x000000ffea0fcf00
Event: 247.386 Thread 0x000002dd37a02460 DEOPT UNPACKING pc=0x000002dd2a7888e2 sp=0x000000ffea0fc350 mode 0
Event: 247.421 Thread 0x000002dd002eb7d0 Uncommon trap: trap_request=0xffffff45 fr.pc=0x000002dd2ae2fb24 relative=0x0000000000001184
Event: 247.421 Thread 0x000002dd002eb7d0 Uncommon trap: reason=unstable_if action=reinterpret pc=0x000002dd2ae2fb24 method=java.io.BufferedReader.implReadLine(Z[Z)Ljava/lang/String; @ 14 c2
Event: 247.421 Thread 0x000002dd002eb7d0 DEOPT PACKING pc=0x000002dd2ae2fb24 sp=0x000000ffe88ff460
Event: 247.421 Thread 0x000002dd002eb7d0 DEOPT UNPACKING pc=0x000002dd2a787da2 sp=0x000000ffe88ff410 mode 2
Event: 255.173 Thread 0x000002dd37a02460 Uncommon trap: trap_request=0xffffff45 fr.pc=0x000002dd2ae592b0 relative=0x0000000000000d70
Event: 255.174 Thread 0x000002dd37a02460 Uncommon trap: reason=unstable_if action=reinterpret pc=0x000002dd2ae592b0 method=java.awt.Container.getMouseEventTargetImpl(IIZLjava/awt/Container$EventTargetFilter;ZZ)Ljava/awt/Component; @ 218 c2
Event: 255.174 Thread 0x000002dd37a02460 DEOPT PACKING pc=0x000002dd2ae592b0 sp=0x000000ffea0fe8c0
Event: 255.174 Thread 0x000002dd37a02460 DEOPT UNPACKING pc=0x000002dd2a787da2 sp=0x000000ffea0fe7c8 mode 2
Event: 281.064 Thread 0x000002dd37a02460 DEOPT PACKING pc=0x000002dd238e93b2 sp=0x000000ffea0fd060
Event: 281.064 Thread 0x000002dd37a02460 DEOPT UNPACKING pc=0x000002dd2a7888e2 sp=0x000000ffea0fc440 mode 0

Classes loaded (20 events):
Event: 16.700 Loading class java/lang/ProcessHandleImpl
Event: 16.700 Loading class java/lang/ProcessHandle
Event: 16.700 Loading class java/lang/ProcessHandle done
Event: 16.700 Loading class java/lang/ProcessHandleImpl done
Event: 16.701 Loading class java/util/concurrent/SynchronousQueue
Event: 16.701 Loading class java/util/concurrent/SynchronousQueue done
Event: 16.701 Loading class java/util/concurrent/SynchronousQueue$Transferer
Event: 16.701 Loading class java/util/concurrent/LinkedTransferQueue
Event: 16.701 Loading class java/util/concurrent/TransferQueue
Event: 16.702 Loading class java/util/concurrent/TransferQueue done
Event: 16.702 Loading class java/util/concurrent/LinkedTransferQueue done
Event: 16.702 Loading class java/util/concurrent/SynchronousQueue$Transferer done
Event: 16.702 Loading class java/util/concurrent/LinkedTransferQueue$DualNode
Event: 16.702 Loading class java/util/concurrent/LinkedTransferQueue$DualNode done
Event: 16.703 Loading class java/lang/ProcessImpl$2
Event: 16.703 Loading class java/lang/ProcessImpl$2 done
Event: 16.703 Loading class java/lang/Process$PipeInputStream
Event: 16.703 Loading class java/lang/Process$PipeInputStream done
Event: 16.703 Loading class jdk/internal/event/ProcessStartEvent
Event: 16.703 Loading class jdk/internal/event/ProcessStartEvent done

Classes unloaded (0 events):
No events

Classes redefined (0 events):
No events

Internal exceptions (20 events):
Event: 0.446 Thread 0x000002dd7e377340 Exception <a 'java/lang/NoSuchMethodError'{0x000000008c0f7e80}: 'java.lang.Object java.lang.invoke.DirectMethodHandle$Holder.newInvokeSpecial(java.lang.Object, java.lang.Object, java.lang.Object, int, int, int, int, int)'> (0x000000008c0f7e80) 
thrown [s\open\src\hotspot\share\interpreter\linkResolver.cpp, line 773]
Event: 0.463 Thread 0x000002dd7e377340 Exception <a 'java/lang/InterruptedException'{0x000000008bf1e3e0}: sleep interrupted> (0x000000008bf1e3e0) 
thrown [s\open\src\hotspot\share\prims\jvm.cpp, line 3052]
Event: 0.489 Thread 0x000002dd37988ee0 Exception <a 'java/lang/NoSuchMethodError'{0x000000008c3fa5e8}: 'void java.lang.invoke.DirectMethodHandle$Holder.invokeVirtual(java.lang.Object, java.lang.Object)'> (0x000000008c3fa5e8) 
thrown [s\open\src\hotspot\share\interpreter\linkResolver.cpp, line 773]
Event: 0.519 Thread 0x000002dd37a02460 Exception <a 'java/lang/NoSuchMethodError'{0x000000008c0e0998}: 'void java.lang.invoke.DirectMethodHandle$Holder.invokeStaticInit(java.lang.Object)'> (0x000000008c0e0998) 
thrown [s\open\src\hotspot\share\interpreter\linkResolver.cpp, line 773]
Event: 0.740 Thread 0x000002dd37a02460 Implicit null exception at 0x000002dd2ad15aab to 0x000002dd2ad15ff6
Event: 0.740 Thread 0x000002dd37a02460 Implicit null exception at 0x000002dd2ad15aab to 0x000002dd2ad15ff6
Event: 0.740 Thread 0x000002dd37a02460 Implicit null exception at 0x000002dd2ad15aab to 0x000002dd2ad15ff6
Event: 0.740 Thread 0x000002dd37a02460 Implicit null exception at 0x000002dd2ad15aab to 0x000002dd2ad15ff6
Event: 7.716 Thread 0x000002dd37a02460 Exception <a 'java/lang/NoSuchMethodError'{0x000000008c65f7c8}: 'void java.lang.invoke.DirectMethodHandle$Holder.invokeStatic(java.lang.Object, java.lang.Object)'> (0x000000008c65f7c8) 
thrown [s\open\src\hotspot\share\interpreter\linkResolver.cpp, line 773]
Event: 7.747 Thread 0x000002dd37a02460 Exception <a 'java/lang/NoSuchMethodError'{0x000000008c5735a8}: 'java.lang.Object java.lang.invoke.DirectMethodHandle$Holder.invokeInterface(java.lang.Object, java.lang.Object)'> (0x000000008c5735a8) 
thrown [s\open\src\hotspot\share\interpreter\linkResolver.cpp, line 773]
Event: 7.774 Thread 0x000002dd37a02460 Exception <a 'java/lang/NoSuchMethodError'{0x000000008c5ee510}: 'void java.lang.invoke.DirectMethodHandle$Holder.invokeStatic(java.lang.Object, java.lang.Object, java.lang.Object)'> (0x000000008c5ee510) 
thrown [s\open\src\hotspot\share\interpreter\linkResolver.cpp, line 773]
Event: 7.777 Thread 0x000002dd37a02460 Exception <a 'java/lang/NoSuchMethodError'{0x000000008c5f7850}: 'java.lang.Object java.lang.invoke.DirectMethodHandle$Holder.invokeVirtual(java.lang.Object, java.lang.Object, java.lang.Object)'> (0x000000008c5f7850) 
thrown [s\open\src\hotspot\share\interpreter\linkResolver.cpp, line 773]
Event: 8.037 Thread 0x000002dd7e3eb9c0 Exception <a 'java/lang/InterruptedException'{0x000000008bd11f60}: sleep interrupted> (0x000000008bd11f60) 
thrown [s\open\src\hotspot\share\prims\jvm.cpp, line 3052]
Event: 13.105 Thread 0x000002dd37a02460 Exception <a 'java/lang/NoSuchMethodError'{0x000000008b6a19a8}: 'int java.lang.invoke.DirectMethodHandle$Holder.invokeStatic(java.lang.Object)'> (0x000000008b6a19a8) 
thrown [s\open\src\hotspot\share\interpreter\linkResolver.cpp, line 773]
Event: 13.166 Thread 0x000002dd37a02460 Implicit null exception at 0x000002dd2adff4e1 to 0x000002dd2adffb98
Event: 13.174 Thread 0x000002dd37a02460 Implicit null exception at 0x000002dd2adff4e1 to 0x000002dd2adffb98
Event: 16.698 Thread 0x000002dd7e81d380 Exception <a 'java/lang/NoSuchMethodError'{0x000000008b222688}: 'void java.lang.invoke.DirectMethodHandle$Holder.invokeStatic(java.lang.Object, long)'> (0x000000008b222688) 
thrown [s\open\src\hotspot\share\interpreter\linkResolver.cpp, line 773]
Event: 16.699 Thread 0x000002dd7e81d380 Exception <a 'java/lang/NoSuchMethodError'{0x000000008b227258}: 'java.lang.Object java.lang.invoke.DirectMethodHandle$Holder.newInvokeSpecial(java.lang.Object, long)'> (0x000000008b227258) 
thrown [s\open\src\hotspot\share\interpreter\linkResolver.cpp, line 773]
Event: 16.701 Thread 0x000002dd7e81d380 Exception <a 'java/lang/NoSuchMethodError'{0x000000008b22d338}: 'java.lang.Object java.lang.invoke.DirectMethodHandle$Holder.invokeStatic(java.lang.Object, long, java.lang.Object)'> (0x000000008b22d338) 
thrown [s\open\src\hotspot\share\interpreter\linkResolver.cpp, line 773]
Event: 16.701 Thread 0x000002dd7e81d380 Exception <a 'java/lang/NoSuchMethodError'{0x000000008b2306e0}: 'java.lang.Object java.lang.invoke.DirectMethodHandle$Holder.invokeStaticInit(java.lang.Object, long, java.lang.Object)'> (0x000000008b2306e0) 
thrown [s\open\src\hotspot\share\interpreter\linkResolver.cpp, line 773]

ZGC Phase Switch (0 events):
No events

VM Operations (20 events):
Event: 238.069 Executing VM operation: Cleanup
Event: 238.069 Executing VM operation: Cleanup done
Event: 240.094 Executing VM operation: Cleanup
Event: 240.094 Executing VM operation: Cleanup done
Event: 242.119 Executing VM operation: Cleanup
Event: 242.119 Executing VM operation: Cleanup done
Event: 243.134 Executing VM operation: Cleanup
Event: 243.134 Executing VM operation: Cleanup done
Event: 245.161 Executing VM operation: Cleanup
Event: 245.161 Executing VM operation: Cleanup done
Event: 246.173 Executing VM operation: Cleanup
Event: 246.173 Executing VM operation: Cleanup done
Event: 247.181 Executing VM operation: Cleanup
Event: 247.181 Executing VM operation: Cleanup done
Event: 248.183 Executing VM operation: Cleanup
Event: 248.184 Executing VM operation: Cleanup done
Event: 274.339 Executing VM operation: HandshakeAllThreads (HandshakeForDeflation)
Event: 274.339 Executing VM operation: HandshakeAllThreads (HandshakeForDeflation) done
Event: 274.339 Executing VM operation: RendezvousGCThreads
Event: 274.339 Executing VM operation: RendezvousGCThreads done

Events (20 events):
Event: 8.442 Thread 0x000002dd374e7eb0 Thread exited: 0x000002dd374e7eb0
Event: 8.623 Thread 0x000002dd374eb530 Thread exited: 0x000002dd374eb530
Event: 12.766 Thread 0x000002dd7e820170 Thread added: 0x000002dd7e820170
Event: 13.041 Thread 0x000002dd374e8c50 Thread added: 0x000002dd374e8c50
Event: 13.056 Thread 0x000002dd7e820800 Thread added: 0x000002dd7e820800
Event: 13.077 Thread 0x000002dd7e820800 Thread exited: 0x000002dd7e820800
Event: 13.094 Thread 0x000002dd7e820800 Thread added: 0x000002dd7e820800
Event: 13.097 Thread 0x000002dd7e820800 Thread exited: 0x000002dd7e820800
Event: 13.138 Thread 0x000002dd374e9320 Thread added: 0x000002dd374e9320
Event: 13.142 Thread 0x000002dd7e3eb9c0 Thread exited: 0x000002dd7e3eb9c0
Event: 13.354 Thread 0x000002dd374e9320 Thread exited: 0x000002dd374e9320
Event: 13.514 Thread 0x000002dd374e8c50 Thread exited: 0x000002dd374e8c50
Event: 16.672 Thread 0x000002dd7e81d380 Thread added: 0x000002dd7e81d380
Event: 224.584 Thread 0x000002dd005ee640 Thread added: 0x000002dd005ee640
Event: 224.586 Thread 0x000002dd374ea0c0 Thread added: 0x000002dd374ea0c0
Event: 224.587 Thread 0x000002dd005ee640 Thread exited: 0x000002dd005ee640
Event: 224.619 Thread 0x000002dd00d6f2c0 Thread added: 0x000002dd00d6f2c0
Event: 224.623 Thread 0x000002dd00d6f2c0 Thread exited: 0x000002dd00d6f2c0
Event: 225.132 Thread 0x000002dd374ea0c0 Thread exited: 0x000002dd374ea0c0
Event: 247.377 Thread 0x000002dd002eb7d0 Thread added: 0x000002dd002eb7d0


Dynamic libraries:
0x00007ff7d3e80000 - 0x00007ff7d3e90000 	C:\Program Files\Java\jdk-21\bin\java.exe
0x00007ffd7c5b0000 - 0x00007ffd7c7a8000 	C:\Windows\SYSTEM32\ntdll.dll
0x00007ffd7c230000 - 0x00007ffd7c2f2000 	C:\Windows\System32\KERNEL32.DLL
0x00007ffd79c80000 - 0x00007ffd79f7e000 	C:\Windows\System32\KERNELBASE.dll
0x00007ffd7a0e0000 - 0x00007ffd7a1e0000 	C:\Windows\System32\ucrtbase.dll
0x00007ffd5b900000 - 0x00007ffd5b919000 	C:\Program Files\Java\jdk-21\bin\jli.dll
0x00007ffd7c360000 - 0x00007ffd7c412000 	C:\Windows\System32\ADVAPI32.dll
0x00007ffd5b8e0000 - 0x00007ffd5b8fb000 	C:\Program Files\Java\jdk-21\bin\VCRUNTIME140.dll
0x00007ffd7aa40000 - 0x00007ffd7aade000 	C:\Windows\System32\msvcrt.dll
0x00007ffd7b6b0000 - 0x00007ffd7b750000 	C:\Windows\System32\sechost.dll
0x00007ffd7b830000 - 0x00007ffd7b953000 	C:\Windows\System32\RPCRT4.dll
0x00007ffd7a290000 - 0x00007ffd7a2b7000 	C:\Windows\System32\bcrypt.dll
0x00007ffd7ac10000 - 0x00007ffd7adad000 	C:\Windows\System32\USER32.dll
0x00007ffd79c50000 - 0x00007ffd79c72000 	C:\Windows\System32\win32u.dll
0x00007ffd7b340000 - 0x00007ffd7b36b000 	C:\Windows\System32\GDI32.dll
0x00007ffd7a3f0000 - 0x00007ffd7a507000 	C:\Windows\System32\gdi32full.dll
0x00007ffd61840000 - 0x00007ffd61ada000 	C:\Windows\WinSxS\amd64_microsoft.windows.common-controls_6595b64144ccf1df_6.0.19041.4355_none_60b8b9eb71f62e16\COMCTL32.dll
0x00007ffd7a350000 - 0x00007ffd7a3ed000 	C:\Windows\System32\msvcp_win.dll
0x00007ffd6e750000 - 0x00007ffd6e75a000 	C:\Windows\SYSTEM32\VERSION.dll
0x00007ffd7c540000 - 0x00007ffd7c56f000 	C:\Windows\System32\IMM32.DLL
0x00007ffd711f0000 - 0x00007ffd711fc000 	C:\Program Files\Java\jdk-21\bin\vcruntime140_1.dll
0x00007ffd49840000 - 0x00007ffd498ce000 	C:\Program Files\Java\jdk-21\bin\msvcp140.dll
0x00007ffc7e520000 - 0x00007ffc7f237000 	C:\Program Files\Java\jdk-21\bin\server\jvm.dll
0x00007ffd7c420000 - 0x00007ffd7c48b000 	C:\Windows\System32\WS2_32.dll
0x00007ffd79190000 - 0x00007ffd791db000 	C:\Windows\SYSTEM32\POWRPROF.dll
0x00007ffd66590000 - 0x00007ffd665b7000 	C:\Windows\SYSTEM32\WINMM.dll
0x00007ffd79050000 - 0x00007ffd79062000 	C:\Windows\SYSTEM32\UMPDC.dll
0x00007ffd78420000 - 0x00007ffd78432000 	C:\Windows\SYSTEM32\kernel.appcore.dll
0x00007ffd54050000 - 0x00007ffd5405a000 	C:\Program Files\Java\jdk-21\bin\jimage.dll
0x00007ffd77830000 - 0x00007ffd77a14000 	C:\Windows\SYSTEM32\DBGHELP.DLL
0x00007ffd5ff50000 - 0x00007ffd5ff84000 	C:\Windows\SYSTEM32\dbgcore.DLL
0x00007ffd7a2c0000 - 0x00007ffd7a342000 	C:\Windows\System32\bcryptPrimitives.dll
0x00007ffd0b4e0000 - 0x00007ffd0b4ff000 	C:\Program Files\Java\jdk-21\bin\java.dll
0x00007ffd7ba10000 - 0x00007ffd7c17f000 	C:\Windows\System32\SHELL32.dll
0x00007ffd77c70000 - 0x00007ffd78414000 	C:\Windows\SYSTEM32\windows.storage.dll
0x00007ffd7ae90000 - 0x00007ffd7b1e3000 	C:\Windows\System32\combase.dll
0x00007ffd79680000 - 0x00007ffd796ae000 	C:\Windows\SYSTEM32\Wldp.dll
0x00007ffd7b5e0000 - 0x00007ffd7b6ad000 	C:\Windows\System32\OLEAUT32.dll
0x00007ffd7b960000 - 0x00007ffd7ba0d000 	C:\Windows\System32\SHCORE.dll
0x00007ffd7ae30000 - 0x00007ffd7ae85000 	C:\Windows\System32\shlwapi.dll
0x00007ffd79b80000 - 0x00007ffd79ba4000 	C:\Windows\SYSTEM32\profapi.dll
0x00007ffceee70000 - 0x00007ffceef47000 	C:\Program Files\Java\jdk-21\bin\jsvml.dll
0x00007ffd53f30000 - 0x00007ffd53f40000 	C:\Program Files\Java\jdk-21\bin\net.dll
0x00007ffd733a0000 - 0x00007ffd734ad000 	C:\Windows\SYSTEM32\WINHTTP.dll
0x00007ffd793e0000 - 0x00007ffd7944a000 	C:\Windows\system32\mswsock.dll
0x00007ffd09f40000 - 0x00007ffd09f56000 	C:\Program Files\Java\jdk-21\bin\nio.dll
0x00007ffd025f0000 - 0x00007ffd02608000 	C:\Program Files\Java\jdk-21\bin\zip.dll
0x00007ffceece0000 - 0x00007ffceee6f000 	C:\Program Files\Java\jdk-21\bin\awt.dll
0x00007ffd72c50000 - 0x00007ffd72ce4000 	C:\Windows\SYSTEM32\apphelp.dll
0x00007ffd74800000 - 0x00007ffd7489e000 	C:\Windows\system32\uxtheme.dll
0x00007ffd7aae0000 - 0x00007ffd7abf5000 	C:\Windows\System32\MSCTF.dll
0x00007ffd7b200000 - 0x00007ffd7b32b000 	C:\Windows\System32\ole32.dll
0x00007ffd770d0000 - 0x00007ffd770ff000 	C:\Windows\system32\DWMAPI.DLL
0x00007ffd02560000 - 0x00007ffd025e7000 	C:\Program Files\Java\jdk-21\bin\freetype.dll
0x00007ffcee110000 - 0x00007ffcee1f2000 	C:\Program Files\Java\jdk-21\bin\fontmanager.dll
0x00007ffd5a110000 - 0x00007ffd5a238000 	C:\Windows\system32\opengl32.dll
0x00007ffd5a630000 - 0x00007ffd5a65c000 	C:\Windows\SYSTEM32\GLU32.dll
0x00007ffd4ba50000 - 0x00007ffd4ba7e000 	C:\Program Files\Java\jdk-21\bin\javajpeg.dll
0x00007ffd7c490000 - 0x00007ffd7c539000 	C:\Windows\System32\clbcatq.dll
0x00007ffd74630000 - 0x00007ffd747e6000 	C:\Windows\SYSTEM32\WindowsCodecs.dll
0x00007ffd4aac0000 - 0x00007ffd4aafe000 	C:\Windows\system32\dataexchange.dll
0x00007ffd71770000 - 0x00007ffd719d3000 	C:\Windows\system32\d3d11.dll
0x00007ffd72070000 - 0x00007ffd72254000 	C:\Windows\system32\dcomp.dll
0x00007ffd784b0000 - 0x00007ffd785a6000 	C:\Windows\system32\dxgi.dll
0x00007ffd6ee60000 - 0x00007ffd6f063000 	C:\Windows\system32\twinapi.appcore.dll
0x00007ffd5ace0000 - 0x00007ffd5add9000 	C:\Windows\SYSTEM32\textinputframework.dll
0x00007ffd72940000 - 0x00007ffd72a32000 	C:\Windows\System32\CoreMessaging.dll
0x00007ffd72260000 - 0x00007ffd725bb000 	C:\Windows\System32\CoreUIComponents.dll
0x00007ffd78ee0000 - 0x00007ffd78f13000 	C:\Windows\SYSTEM32\ntmarta.dll
0x00007ffd734c0000 - 0x00007ffd73617000 	C:\Windows\SYSTEM32\wintypes.dll
0x00007ffd790b0000 - 0x00007ffd7917a000 	C:\Windows\SYSTEM32\DNSAPI.dll
0x00007ffd79070000 - 0x00007ffd790ab000 	C:\Windows\SYSTEM32\IPHLPAPI.DLL
0x00007ffd7b1f0000 - 0x00007ffd7b1f8000 	C:\Windows\System32\NSI.dll
0x0000000064990000 - 0x000000006499b000 	C:\Program Files\National Instruments\Shared\mDNS Responder\nimdnsNSP.dll
0x0000000064970000 - 0x0000000064981000 	C:\Windows\SYSTEM32\nimdnsResponder.dll
0x00007ffd701d0000 - 0x00007ffd701da000 	C:\Windows\System32\rasadhlp.dll
0x00007ffd6fbe0000 - 0x00007ffd6fc60000 	C:\Windows\System32\fwpuclnt.dll
0x00007ffd53530000 - 0x00007ffd53539000 	C:\Program Files\Java\jdk-21\bin\extnet.dll
0x00007ffd61790000 - 0x00007ffd61840000 	C:\Windows\WinSxS\amd64_microsoft.windows.common-controls_6595b64144ccf1df_5.82.19041.4355_none_792ecafd2442822f\comctl32.dll
0x00007ffd73d00000 - 0x00007ffd73df6000 	C:\Windows\SYSTEM32\PROPSYS.dll
0x00007ffd57520000 - 0x00007ffd57537000 	C:\Windows\system32\NetworkExplorer.dll
0x00007ffd7a510000 - 0x00007ffd7a55e000 	C:\Windows\System32\CFGMGR32.dll
0x00007ffd60b20000 - 0x00007ffd60b3d000 	C:\Windows\SYSTEM32\MPR.dll
0x00007ffd574f0000 - 0x00007ffd57519000 	C:\Windows\System32\p9np.dll
0x00007ffd574e0000 - 0x00007ffd574eb000 	C:\Windows\System32\drprov.dll
0x00007ffd788f0000 - 0x00007ffd7894b000 	C:\Windows\System32\WINSTA.dll
0x00007ffd574c0000 - 0x00007ffd574df000 	C:\Windows\System32\ntlanman.dll
0x00007ffd574a0000 - 0x00007ffd574be000 	C:\Windows\System32\davclnt.dll
0x00007ffd57490000 - 0x00007ffd5749d000 	C:\Windows\System32\DAVHLPR.dll
0x00007ffd78db0000 - 0x00007ffd78dc9000 	C:\Windows\System32\wkscli.dll
0x00007ffd51cb0000 - 0x00007ffd51cc2000 	C:\Windows\SYSTEM32\cscapi.dll
0x00007ffd79180000 - 0x00007ffd7918c000 	C:\Windows\System32\netutils.dll
0x00007ffcf4250000 - 0x00007ffcf42a6000 	C:\Windows\System32\dlnashext.dll
0x00007ffd53fe0000 - 0x00007ffd54044000 	C:\Windows\System32\PlayToDevice.dll
0x00007ffd5fca0000 - 0x00007ffd5fcc0000 	C:\Windows\System32\DevDispItemProvider.dll
0x00007ffd70ab0000 - 0x00007ffd70b35000 	C:\Windows\System32\MMDevApi.dll
0x00007ffd799e0000 - 0x00007ffd79a13000 	C:\Windows\System32\DEVOBJ.dll
0x00007ffd21a20000 - 0x00007ffd21ac2000 	C:\Windows\system32\wpdshext.dll
0x00007ffd656f0000 - 0x00007ffd65895000 	C:\Windows\WinSxS\amd64_microsoft.windows.gdiplus_6595b64144ccf1df_1.1.19041.4597_none_91a78020cc854124\gdiplus.dll
0x00007ffd6f1b0000 - 0x00007ffd6f254000 	C:\Windows\System32\PortableDeviceApi.dll
0x00007ffd7a5d0000 - 0x00007ffd7aa3e000 	C:\Windows\System32\SETUPAPI.dll
0x00007ffd7a560000 - 0x00007ffd7a5c9000 	C:\Windows\System32\WINTRUST.dll
0x00007ffd79f80000 - 0x00007ffd7a0dc000 	C:\Windows\System32\CRYPT32.dll
0x00007ffd79810000 - 0x00007ffd79822000 	C:\Windows\System32\MSASN1.dll
0x00007ffd5c930000 - 0x00007ffd5c967000 	C:\Windows\System32\EhStorShell.dll
0x00007ffd72de0000 - 0x00007ffd72e06000 	C:\Windows\System32\EhStorAPI.dll
0x00007ffd711d0000 - 0x00007ffd711e4000 	C:\Windows\System32\WTSAPI32.dll
0x00007ffd4a8d0000 - 0x00007ffd4a8dd000 	C:\Windows\SYSTEM32\LINKINFO.dll
0x00007ffd6dd90000 - 0x00007ffd6ddfa000 	C:\Windows\system32\Ninput.dll

dbghelp: loaded successfully - version: 4.0.5 - missing functions: none
symbol engine: initialized successfully - sym options: 0x614 - pdb path: .;C:\Program Files\Java\jdk-21\bin;C:\Windows\SYSTEM32;C:\Windows\WinSxS\amd64_microsoft.windows.common-controls_6595b64144ccf1df_6.0.19041.4355_none_60b8b9eb71f62e16;C:\Program Files\Java\jdk-21\bin\server;C:\Program Files\National Instruments\Shared\mDNS Responder;C:\Windows\WinSxS\amd64_microsoft.windows.common-controls_6595b64144ccf1df_5.82.19041.4355_none_792ecafd2442822f;C:\Windows\WinSxS\amd64_microsoft.windows.gdiplus_6595b64144ccf1df_1.1.19041.4597_none_91a78020cc854124

VM Arguments:
java_command: inf.doc_login
java_class_path (initial): C:\Users\ASUS\Documents\NetBeansProjects\artery_resolver_software\target\classes;C:\Users\ASUS\.m2\repository\com\mysql\mysql-connector-j\8.0.33\mysql-connector-j-8.0.33.jar;C:\Users\ASUS\.m2\repository\com\google\protobuf\protobuf-java\3.21.9\protobuf-java-3.21.9.jar;C:\Users\ASUS\.m2\repository\org\tensorflow\tensorflow-core-platform\0.4.0\tensorflow-core-platform-0.4.0.jar;C:\Users\ASUS\.m2\repository\org\bytedeco\javacpp\1.5.6\javacpp-1.5.6.jar;C:\Users\ASUS\.m2\repository\org\bytedeco\javacpp\1.5.6\javacpp-1.5.6-linux-x86_64.jar;C:\Users\ASUS\.m2\repository\org\bytedeco\javacpp\1.5.6\javacpp-1.5.6-macosx-x86_64.jar;C:\Users\ASUS\.m2\repository\org\bytedeco\javacpp\1.5.6\javacpp-1.5.6-windows-x86_64.jar;C:\Users\ASUS\.m2\repository\org\tensorflow\tensorflow-core-api\0.4.0\tensorflow-core-api-0.4.0.jar;C:\Users\ASUS\.m2\repository\org\tensorflow\ndarray\0.3.3\ndarray-0.3.3.jar;C:\Users\ASUS\.m2\repository\org\tensorflow\tensorflow-core-api\0.4.0\tensorflow-core-api-0.4.0-linux-x86_64.jar;C:\Users\ASUS\.m2\repository\org\tensorflow\tensorflow-core-api\0.4.0\tensorflow-core-api-0.4.0-macosx-x86_64.jar;C:\Users\ASUS\.m2\repository\org\tensorflow\tensorflow-core-api\0.4.0\tensorflow-core-api-0.4.0-windows-x86_64.jar;C:\Users\ASUS\.m2\repository\org\netbeans\external\AbsoluteLayout\RELEASE210\AbsoluteLayout-RELEASE210.jar
Launcher Type: SUN_STANDARD

[Global flags]
     intx CICompilerCount                          = 4                                         {product} {ergonomic}
     uint ConcGCThreads                            = 2                                         {product} {ergonomic}
     uint G1ConcRefinementThreads                  = 8                                         {product} {ergonomic}
   size_t G1HeapRegionSize                         = 1048576                                   {product} {ergonomic}
    uintx GCDrainStackTargetSize                   = 64                                        {product} {ergonomic}
   size_t InitialHeapSize                          = 130023424                                 {product} {ergonomic}
   size_t MarkStackSize                            = 4194304                                   {product} {ergonomic}
   size_t MaxHeapSize                              = 2067791872                                {product} {ergonomic}
   size_t MaxNewSize                               = 1240465408                                {product} {ergonomic}
   size_t MinHeapDeltaBytes                        = 1048576                                   {product} {ergonomic}
   size_t MinHeapSize                              = 8388608                                   {product} {ergonomic}
    uintx NonNMethodCodeHeapSize                   = 5839372                                {pd product} {ergonomic}
    uintx NonProfiledCodeHeapSize                  = 122909434                              {pd product} {ergonomic}
    uintx ProfiledCodeHeapSize                     = 122909434                              {pd product} {ergonomic}
    uintx ReservedCodeCacheSize                    = 251658240                              {pd product} {ergonomic}
     bool SegmentedCodeCache                       = true                                      {product} {ergonomic}
   size_t SoftMaxHeapSize                          = 2067791872                             {manageable} {ergonomic}
     bool UseCompressedOops                        = true                           {product lp64_product} {ergonomic}
     bool UseG1GC                                  = true                                      {product} {ergonomic}
     bool UseLargePagesIndividualAllocation        = false                                  {pd product} {ergonomic}

Logging:
Log output configuration:
 #0: stdout all=warning uptime,level,tags foldmultilines=false
 #1: stderr all=off uptime,level,tags foldmultilines=false

Environment Variables:
JAVA_HOME=C:\Program Files\Java\jdk-21
PATH=C:\Program Files\Common Files\Oracle\Java\javapath;C:\Windows\system32;C:\Windows;C:\Windows\System32\Wbem;C:\Windows\System32\WindowsPowerShell\v1.0\;C:\Windows\System32\OpenSSH\;C:\Program Files\dotnet\;C:\Program Files\Java\jdk-21\bin;C:\Program Files\MATLAB\R2022b\runtime\win64;C:\Program Files\MATLAB\R2022b\bin;C:\Program Files\nodejs\;C:\Program Files\Git\cmd;C:\Users\ASUS\AppData\Local\Programs\Python\Python310\Scripts\;C:\Users\ASUS\AppData\Local\Programs\Python\Python310\;C:\Users\ASUS\AppData\Local\Microsoft\WindowsApps;D:\PyCharm 2023.1.3\bin;;C:\Users\ASUS\AppData\Local\Programs\Microsoft VS Code\bin;C:\iverilog\bin;C:\iverilog\gtkwave\bin;C:\Users\ASUS\Desktop\IntelliJ IDEA Community Edition 2024.1.4\bin;;C:\Users\ASUS\AppData\Roaming\npm;C:\Users\ASUS\AppData\Local\GitHubDesktop\bin
USERNAME=ASUS
OS=Windows_NT
PROCESSOR_IDENTIFIER=Intel64 Family 6 Model 140 Stepping 1, GenuineIntel
TMP=C:\Users\ASUS\AppData\Local\Temp
TEMP=C:\Users\ASUS\AppData\Local\Temp




Periodic native trim disabled

---------------  S Y S T E M  ---------------

OS:
 Windows 10 , 64 bit Build 19041 (10.0.19041.4957)
OS uptime: 2 days 10:07 hours
Hyper-V role detected

CPU: total 8 (initial active 8) (4 cores per cpu, 2 threads per core) family 6 model 140 stepping 1 microcode 0x86, cx8, cmov, fxsr, ht, mmx, 3dnowpref, sse, sse2, sse3, ssse3, sse4.1, sse4.2, popcnt, lzcnt, tsc, tscinvbit, avx, avx2, aes, erms, clmul, bmi1, bmi2, adx, avx512f, avx512dq, avx512cd, avx512bw, avx512vl, sha, fma, vzeroupper, avx512_vpopcntdq, avx512_vpclmulqdq, avx512_vaes, avx512_vnni, clflush, clflushopt, clwb, avx512_vbmi2, avx512_vbmi, hv, rdtscp, rdpid, fsrm, gfni, avx512_bitalg, f16c, cet_ibt, cet_ss, avx512_ifma
Processor Information for processor 0
  Max Mhz: 2803, Current Mhz: 1501, Mhz Limit: 2803
Processor Information for processor 1
  Max Mhz: 2803, Current Mhz: 1501, Mhz Limit: 2803
Processor Information for processor 2
  Max Mhz: 2803, Current Mhz: 1501, Mhz Limit: 2803
Processor Information for processor 3
  Max Mhz: 2803, Current Mhz: 1501, Mhz Limit: 2803
Processor Information for processor 4
  Max Mhz: 2803, Current Mhz: 1501, Mhz Limit: 2803
Processor Information for processor 5
  Max Mhz: 2803, Current Mhz: 1501, Mhz Limit: 2803
Processor Information for processor 6
  Max Mhz: 2803, Current Mhz: 2803, Mhz Limit: 2803
Processor Information for processor 7
  Max Mhz: 2803, Current Mhz: 1501, Mhz Limit: 2803

Memory: 4k page, system-wide physical 7886M (718M free)
TotalPageFile size 32462M (AvailPageFile size 3M)
current process WorkingSet (physical memory assigned to process): 158M, peak: 159M
current process commit charge ("private bytes"): 267M, peak: 270M

vm_info: Java HotSpot(TM) 64-Bit Server VM (21.0.2+13-LTS-58) for windows-amd64 JRE (21.0.2+13-LTS-58), built on 2024-01-05T18:32:24Z by "mach5one" with MS VC++ 17.1 (VS2022)

END.
