#
# There is insufficient memory for the Java Runtime Environment to continue.
# Native memory allocation (malloc) failed to allocate 1048576 bytes for AllocateHeap
# Possible reasons:
#   The system is out of physical RAM or swap space
#   The process is running with CompressedOops enabled, and the Java Heap may be blocking the growth of the native heap
# Possible solutions:
#   Reduce memory load on the system
#   Increase physical memory or swap space
#   Check if swap backing store is full
#   Decrease Java heap size (-Xmx/-Xms)
#   Decrease number of Java threads
#   Decrease Java thread stack sizes (-Xss)
#   Set larger code cache with -XX:ReservedCodeCacheSize=
#   JVM is running with Unscaled Compressed Oops mode in which the Java heap is
#     placed in the first 4GB address space. The Java Heap base address is the
#     maximum limit for the native heap growth. Please use -XX:HeapBaseMinAddress
#     to set the Java Heap base and to place the Java Heap above 4GB virtual address.
# This output file may be truncated or incomplete.
#
#  Out of Memory Error (allocation.cpp:44), pid=22464, tid=11364
#
# JRE version:  (21.0.2+13) (build )
# Java VM: Java HotSpot(TM) 64-Bit Server VM (21.0.2+13-LTS-58, mixed mode, sharing, tiered, compressed oops, compressed class ptrs, g1 gc, windows-amd64)
# No core dump will be written. Minidumps are not enabled by default on client versions of Windows
#

---------------  S U M M A R Y ------------

Command Line: inf.doc_login

Host: 11th Gen Intel(R) Core(TM) i7-1165G7 @ 2.80GHz, 8 cores, 7G,  Windows 10 , 64 bit Build 19041 (10.0.19041.4842)
Time: Fri Oct 11 22:45:39 2024 Sri Lanka Standard Time elapsed time: 0.029064 seconds (0d 0h 0m 0s)

---------------  T H R E A D  ---------------

Current thread (0x000001eee1f0fd40):  JavaThread "Unknown thread" [_thread_in_vm, id=11364, stack(0x000000b298c00000,0x000000b298d00000) (1024K)]

Stack: [0x000000b298c00000,0x000000b298d00000]
Native frames: (J=compiled Java code, j=interpreted, Vv=VM code, C=native code)
V  [jvm.dll+0x6cade9]
V  [jvm.dll+0x8569c1]
V  [jvm.dll+0x858d2e]
V  [jvm.dll+0x859413]
V  [jvm.dll+0x280e56]
V  [jvm.dll+0xbeb17]
V  [jvm.dll+0x3273b5]
V  [jvm.dll+0x81ef6d]
V  [jvm.dll+0x3bba01]
V  [jvm.dll+0x807928]
V  [jvm.dll+0x44f50e]
V  [jvm.dll+0x450e11]
C  [jli.dll+0x52a3]
C  [ucrtbase.dll+0x21bb2]
C  [KERNEL32.DLL+0x17374]
C  [ntdll.dll+0x4cc91]


---------------  P R O C E S S  ---------------

Threads class SMR info:
_java_thread_list=0x00007fff7758bb88, length=0, elements={
}

Java Threads: ( => current thread )
Total: 0

Other Threads:

=>0x000001eee1f0fd40 (exited) JavaThread "Unknown thread"    [_thread_in_vm, id=11364, stack(0x000000b298c00000,0x000000b298d00000) (1024K)]
Total: 1

Threads with active compile tasks:
Total: 0

VM state: not at safepoint (not fully initialized)

VM Mutex/Monitor currently owned by a thread: None

Heap address: 0x0000000000000000, size: 0 MB, Compressed Oops mode: 32-bit

CDS archive(s) mapped at: [0x0000000000000000-0x0000000000000000-0x0000000000000000), size 0, SharedBaseAddress: 0x0000000800000000, ArchiveRelocationMode: 1.
Narrow klass base: 0x0000000000000000, Narrow klass shift: 0, Narrow klass range: 0x0

GC Precious Log:
 CardTable entry size: 512
 Card Set container configuration: InlinePtr #cards 5 size 8 Array Of Cards #cards 12 size 40 Howl #buckets 4 coarsen threshold 1843 Howl Bitmap #cards 512 size 80 coarsen threshold 460 Card regions per heap region 1 cards per card region 2048

GC Heap History (0 events):
No events

Dll operation events (1 events):
Event: 0.014 Loaded shared library C:\Program Files\Java\jdk-21\bin\java.dll

Deoptimization events (0 events):
No events

Classes loaded (0 events):
No events

Classes unloaded (0 events):
No events

Classes redefined (0 events):
No events

Internal exceptions (0 events):
No events

ZGC Phase Switch (0 events):
No events

VM Operations (0 events):
No events

Events (0 events):
No events


Dynamic libraries:
0x00007ff79ea80000 - 0x00007ff79ea90000 	C:\Program Files\Java\jdk-21\bin\java.exe
0x00007ff802cf0000 - 0x00007ff802ee8000 	C:\Windows\SYSTEM32\ntdll.dll
0x00007ff802be0000 - 0x00007ff802ca1000 	C:\Windows\System32\KERNEL32.DLL
0x00007ff8009f0000 - 0x00007ff800ced000 	C:\Windows\System32\KERNELBASE.dll
0x00007ff800560000 - 0x00007ff800660000 	C:\Windows\System32\ucrtbase.dll
0x00007fffc1fe0000 - 0x00007fffc1ffb000 	C:\Program Files\Java\jdk-21\bin\VCRUNTIME140.dll
0x00007ffff9e20000 - 0x00007ffff9e39000 	C:\Program Files\Java\jdk-21\bin\jli.dll
0x00007ff802740000 - 0x00007ff8027f0000 	C:\Windows\System32\ADVAPI32.dll
0x00007ff802640000 - 0x00007ff8026de000 	C:\Windows\System32\msvcrt.dll
0x00007ff801250000 - 0x00007ff8012f0000 	C:\Windows\System32\sechost.dll
0x00007ff800dc0000 - 0x00007ff800ee3000 	C:\Windows\System32\RPCRT4.dll
0x00007ff800530000 - 0x00007ff800557000 	C:\Windows\System32\bcrypt.dll
0x00007ff8029e0000 - 0x00007ff802b7d000 	C:\Windows\System32\USER32.dll
0x00007ff800cf0000 - 0x00007ff800d12000 	C:\Windows\System32\win32u.dll
0x00007ff801560000 - 0x00007ff80158b000 	C:\Windows\System32\GDI32.dll
0x00007fffecfd0000 - 0x00007fffed26a000 	C:\Windows\WinSxS\amd64_microsoft.windows.common-controls_6595b64144ccf1df_6.0.19041.4355_none_60b8b9eb71f62e16\COMCTL32.dll
0x00007ff800410000 - 0x00007ff800527000 	C:\Windows\System32\gdi32full.dll
0x00007ff800660000 - 0x00007ff8006fd000 	C:\Windows\System32\msvcp_win.dll
0x00007ffff6a70000 - 0x00007ffff6a7a000 	C:\Windows\SYSTEM32\VERSION.dll
0x00007ff8012f0000 - 0x00007ff80131f000 	C:\Windows\System32\IMM32.DLL
0x00007fffda720000 - 0x00007fffda72c000 	C:\Program Files\Java\jdk-21\bin\vcruntime140_1.dll
0x00007fff9d4f0000 - 0x00007fff9d57e000 	C:\Program Files\Java\jdk-21\bin\msvcp140.dll
0x00007fff769c0000 - 0x00007fff776d7000 	C:\Program Files\Java\jdk-21\bin\server\jvm.dll
0x00007ff802970000 - 0x00007ff8029db000 	C:\Windows\System32\WS2_32.dll
0x00007fffff920000 - 0x00007fffff96b000 	C:\Windows\SYSTEM32\POWRPROF.dll
0x00007fffe9520000 - 0x00007fffe9547000 	C:\Windows\SYSTEM32\WINMM.dll
0x00007fffff790000 - 0x00007fffff7a2000 	C:\Windows\SYSTEM32\UMPDC.dll
0x00007ffffe3d0000 - 0x00007ffffe3e2000 	C:\Windows\SYSTEM32\kernel.appcore.dll
0x00007fffda5f0000 - 0x00007fffda5fa000 	C:\Program Files\Java\jdk-21\bin\jimage.dll
0x00007ffffdf60000 - 0x00007ffffe144000 	C:\Windows\SYSTEM32\DBGHELP.DLL
0x00007ffffa780000 - 0x00007ffffa7b4000 	C:\Windows\SYSTEM32\dbgcore.DLL
0x00007ff800700000 - 0x00007ff800782000 	C:\Windows\System32\bcryptPrimitives.dll
0x00007fffc1c70000 - 0x00007fffc1c8f000 	C:\Program Files\Java\jdk-21\bin\java.dll

dbghelp: loaded successfully - version: 4.0.5 - missing functions: none
symbol engine: initialized successfully - sym options: 0x614 - pdb path: .;C:\Program Files\Java\jdk-21\bin;C:\Windows\SYSTEM32;C:\Windows\WinSxS\amd64_microsoft.windows.common-controls_6595b64144ccf1df_6.0.19041.4355_none_60b8b9eb71f62e16;C:\Program Files\Java\jdk-21\bin\server

VM Arguments:
java_command: inf.doc_login
java_class_path (initial): C:\Users\ASUS\Documents\NetBeansProjects\artery_resolver_software\target\classes;C:\Users\ASUS\.m2\repository\com\mysql\mysql-connector-j\8.0.33\mysql-connector-j-8.0.33.jar;C:\Users\ASUS\.m2\repository\com\google\protobuf\protobuf-java\3.21.9\protobuf-java-3.21.9.jar;C:\Users\ASUS\.m2\repository\org\tensorflow\tensorflow-core-platform\0.4.0\tensorflow-core-platform-0.4.0.jar;C:\Users\ASUS\.m2\repository\org\bytedeco\javacpp\1.5.6\javacpp-1.5.6.jar;C:\Users\ASUS\.m2\repository\org\bytedeco\javacpp\1.5.6\javacpp-1.5.6-linux-x86_64.jar;C:\Users\ASUS\.m2\repository\org\bytedeco\javacpp\1.5.6\javacpp-1.5.6-macosx-x86_64.jar;C:\Users\ASUS\.m2\repository\org\bytedeco\javacpp\1.5.6\javacpp-1.5.6-windows-x86_64.jar;C:\Users\ASUS\.m2\repository\org\tensorflow\tensorflow-core-api\0.4.0\tensorflow-core-api-0.4.0.jar;C:\Users\ASUS\.m2\repository\org\tensorflow\ndarray\0.3.3\ndarray-0.3.3.jar;C:\Users\ASUS\.m2\repository\org\tensorflow\tensorflow-core-api\0.4.0\tensorflow-core-api-0.4.0-linux-x86_64.jar;C:\Users\ASUS\.m2\repository\org\tensorflow\tensorflow-core-api\0.4.0\tensorflow-core-api-0.4.0-macosx-x86_64.jar;C:\Users\ASUS\.m2\repository\org\tensorflow\tensorflow-core-api\0.4.0\tensorflow-core-api-0.4.0-windows-x86_64.jar;C:\Users\ASUS\.m2\repository\org\netbeans\external\AbsoluteLayout\RELEASE210\AbsoluteLayout-RELEASE210.jar
Launcher Type: SUN_STANDARD

[Global flags]
     intx CICompilerCount                          = 4                                         {product} {ergonomic}
     uint ConcGCThreads                            = 2                                         {product} {ergonomic}
     uint G1ConcRefinementThreads                  = 8                                         {product} {ergonomic}
   size_t G1HeapRegionSize                         = 1048576                                   {product} {ergonomic}
    uintx GCDrainStackTargetSize                   = 64                                        {product} {ergonomic}
   size_t InitialHeapSize                          = 130023424                                 {product} {ergonomic}
   size_t MarkStackSize                            = 4194304                                   {product} {ergonomic}
   size_t MaxHeapSize                              = 2067791872                                {product} {ergonomic}
   size_t MinHeapDeltaBytes                        = 1048576                                   {product} {ergonomic}
   size_t MinHeapSize                              = 8388608                                   {product} {ergonomic}
    uintx NonNMethodCodeHeapSize                   = 5839372                                {pd product} {ergonomic}
    uintx NonProfiledCodeHeapSize                  = 122909434                              {pd product} {ergonomic}
    uintx ProfiledCodeHeapSize                     = 122909434                              {pd product} {ergonomic}
    uintx ReservedCodeCacheSize                    = 251658240                              {pd product} {ergonomic}
     bool SegmentedCodeCache                       = true                                      {product} {ergonomic}
   size_t SoftMaxHeapSize                          = 2067791872                             {manageable} {ergonomic}
     bool UseCompressedOops                        = true                           {product lp64_product} {ergonomic}
     bool UseG1GC                                  = true                                      {product} {ergonomic}
     bool UseLargePagesIndividualAllocation        = false                                  {pd product} {ergonomic}

Logging:
Log output configuration:
 #0: stdout all=warning uptime,level,tags foldmultilines=false
 #1: stderr all=off uptime,level,tags foldmultilines=false

Environment Variables:
JAVA_HOME=C:\Program Files\Java\jdk-21
PATH=C:\Program Files\Common Files\Oracle\Java\javapath;C:\Windows\system32;C:\Windows;C:\Windows\System32\Wbem;C:\Windows\System32\WindowsPowerShell\v1.0\;C:\Windows\System32\OpenSSH\;C:\Program Files\dotnet\;C:\Program Files\Java\jdk-21\bin;C:\Program Files\MATLAB\R2022b\runtime\win64;C:\Program Files\MATLAB\R2022b\bin;C:\Program Files\nodejs\;C:\Program Files\Git\cmd;C:\Users\ASUS\AppData\Local\Programs\Python\Python310\Scripts\;C:\Users\ASUS\AppData\Local\Programs\Python\Python310\;C:\Users\ASUS\AppData\Local\Microsoft\WindowsApps;D:\PyCharm 2023.1.3\bin;;C:\Users\ASUS\AppData\Local\Programs\Microsoft VS Code\bin;C:\iverilog\bin;C:\iverilog\gtkwave\bin;C:\Users\ASUS\Desktop\IntelliJ IDEA Community Edition 2024.1.4\bin;;C:\Users\ASUS\AppData\Roaming\npm;C:\Users\ASUS\AppData\Local\GitHubDesktop\bin
USERNAME=ASUS
OS=Windows_NT
PROCESSOR_IDENTIFIER=Intel64 Family 6 Model 140 Stepping 1, GenuineIntel
TMP=C:\Users\ASUS\AppData\Local\Temp
TEMP=C:\Users\ASUS\AppData\Local\Temp




Periodic native trim disabled

---------------  S Y S T E M  ---------------

OS:
 Windows 10 , 64 bit Build 19041 (10.0.19041.4842)
OS uptime: 0 days 12:07 hours
Hyper-V role detected

CPU: total 8 (initial active 8) (4 cores per cpu, 2 threads per core) family 6 model 140 stepping 1 microcode 0x86, cx8, cmov, fxsr, ht, mmx, 3dnowpref, sse, sse2, sse3, ssse3, sse4.1, sse4.2, popcnt, lzcnt, tsc, tscinvbit, avx, avx2, aes, erms, clmul, bmi1, bmi2, adx, avx512f, avx512dq, avx512cd, avx512bw, avx512vl, sha, fma, vzeroupper, avx512_vpopcntdq, avx512_vpclmulqdq, avx512_vaes, avx512_vnni, clflush, clflushopt, clwb, avx512_vbmi2, avx512_vbmi, hv, rdtscp, rdpid, fsrm, gfni, avx512_bitalg, f16c, cet_ibt, cet_ss, avx512_ifma
Processor Information for all 8 processors :
  Max Mhz: 2803, Current Mhz: 2803, Mhz Limit: 2803

Memory: 4k page, system-wide physical 7886M (963M free)
TotalPageFile size 32462M (AvailPageFile size 5M)
current process WorkingSet (physical memory assigned to process): 9M, peak: 9M
current process commit charge ("private bytes"): 16M, peak: 17M

vm_info: Java HotSpot(TM) 64-Bit Server VM (21.0.2+13-LTS-58) for windows-amd64 JRE (21.0.2+13-LTS-58), built on 2024-01-05T18:32:24Z by "mach5one" with MS VC++ 17.1 (VS2022)

END.
