#
# There is insufficient memory for the Java Runtime Environment to continue.
# Native memory allocation (malloc) failed to allocate 908352 bytes for Chunk::new
# Possible reasons:
#   The system is out of physical RAM or swap space
#   The process is running with CompressedOops enabled, and the Java Heap may be blocking the growth of the native heap
# Possible solutions:
#   Reduce memory load on the system
#   Increase physical memory or swap space
#   Check if swap backing store is full
#   Decrease Java heap size (-Xmx/-Xms)
#   Decrease number of Java threads
#   Decrease Java thread stack sizes (-Xss)
#   Set larger code cache with -XX:ReservedCodeCacheSize=
#   JVM is running with Unscaled Compressed Oops mode in which the Java heap is
#     placed in the first 4GB address space. The Java Heap base address is the
#     maximum limit for the native heap growth. Please use -XX:HeapBaseMinAddress
#     to set the Java Heap base and to place the Java Heap above 4GB virtual address.
# This output file may be truncated or incomplete.
#
#  Out of Memory Error (arena.cpp:168), pid=13276, tid=22444
#
# JRE version: Java(TM) SE Runtime Environment (21.0.2+13) (build 21.0.2+13-LTS-58)
# Java VM: Java HotSpot(TM) 64-Bit Server VM (21.0.2+13-LTS-58, mixed mode, sharing, tiered, compressed oops, compressed class ptrs, g1 gc, windows-amd64)
# No core dump will be written. Minidumps are not enabled by default on client versions of Windows
#

---------------  S U M M A R Y ------------

Command Line: inf.doc_login

Host: 11th Gen Intel(R) Core(TM) i7-1165G7 @ 2.80GHz, 8 cores, 7G,  Windows 10 , 64 bit Build 19041 (10.0.19041.4957)
Time: Tue Oct 15 21:09:24 2024 Sri Lanka Standard Time elapsed time: 25.970585 seconds (0d 0h 0m 25s)

---------------  T H R E A D  ---------------

Current thread (0x0000020a7fca9b80):  JavaThread "C2 CompilerThread0" daemon [_thread_in_native, id=22444, stack(0x000000fcd8c00000,0x000000fcd8d00000) (1024K)]


Current CompileTask:
C2:  25970 3117 %     4       sun.java2d.marlin.Renderer::_endRendering @ 272 (2646 bytes)

Stack: [0x000000fcd8c00000,0x000000fcd8d00000]
Native frames: (J=compiled Java code, j=interpreted, Vv=VM code, C=native code)
V  [jvm.dll+0x6cade9]
V  [jvm.dll+0x8569c1]
V  [jvm.dll+0x858d2e]
V  [jvm.dll+0x859413]
V  [jvm.dll+0x280e56]
V  [jvm.dll+0xc3f3d]
V  [jvm.dll+0xc4473]
V  [jvm.dll+0x3b5c2c]
V  [jvm.dll+0x1e2013]
V  [jvm.dll+0x249d22]
V  [jvm.dll+0x2491b1]
V  [jvm.dll+0x1c9634]
V  [jvm.dll+0x258859]
V  [jvm.dll+0x256e3a]
V  [jvm.dll+0x3ef6c6]
V  [jvm.dll+0x7ff568]
V  [jvm.dll+0x6c953d]
C  [ucrtbase.dll+0x21bb2]
C  [KERNEL32.DLL+0x17374]
C  [ntdll.dll+0x4cc91]


---------------  P R O C E S S  ---------------

Threads class SMR info:
_java_thread_list=0x0000020a61ea1600, length=19, elements={
0x0000020a7fca2760, 0x0000020a7fca3480, 0x0000020a7fca54a0, 0x0000020a7fca5ff0,
0x0000020a7fca6cf0, 0x0000020a7fca8210, 0x0000020a7fca9b80, 0x0000020a7fcb7e20,
0x0000020a195cd630, 0x0000020a195da900, 0x0000020a1972e7f0, 0x0000020a1972ee60,
0x0000020a19809d80, 0x0000020a1987b840, 0x0000020a7a512b80, 0x0000020a607d0860,
0x0000020a607d0ef0, 0x0000020a607cfb40, 0x0000020a607d01d0
}

Java Threads: ( => current thread )
  0x0000020a7fca2760 JavaThread "Reference Handler"          daemon [_thread_blocked, id=27612, stack(0x000000fcd8600000,0x000000fcd8700000) (1024K)]
  0x0000020a7fca3480 JavaThread "Finalizer"                  daemon [_thread_blocked, id=9164, stack(0x000000fcd8700000,0x000000fcd8800000) (1024K)]
  0x0000020a7fca54a0 JavaThread "Signal Dispatcher"          daemon [_thread_blocked, id=1672, stack(0x000000fcd8800000,0x000000fcd8900000) (1024K)]
  0x0000020a7fca5ff0 JavaThread "Attach Listener"            daemon [_thread_blocked, id=15176, stack(0x000000fcd8900000,0x000000fcd8a00000) (1024K)]
  0x0000020a7fca6cf0 JavaThread "Service Thread"             daemon [_thread_blocked, id=21356, stack(0x000000fcd8a00000,0x000000fcd8b00000) (1024K)]
  0x0000020a7fca8210 JavaThread "Monitor Deflation Thread"   daemon [_thread_blocked, id=3668, stack(0x000000fcd8b00000,0x000000fcd8c00000) (1024K)]
=>0x0000020a7fca9b80 JavaThread "C2 CompilerThread0"         daemon [_thread_in_native, id=22444, stack(0x000000fcd8c00000,0x000000fcd8d00000) (1024K)]
  0x0000020a7fcb7e20 JavaThread "C1 CompilerThread0"         daemon [_thread_blocked, id=28604, stack(0x000000fcd8d00000,0x000000fcd8e00000) (1024K)]
  0x0000020a195cd630 JavaThread "Notification Thread"        daemon [_thread_blocked, id=20084, stack(0x000000fcd8e00000,0x000000fcd8f00000) (1024K)]
  0x0000020a195da900 JavaThread "Common-Cleaner"             daemon [_thread_blocked, id=27652, stack(0x000000fcd8f00000,0x000000fcd9000000) (1024K)]
  0x0000020a1972e7f0 JavaThread "Java2D Disposer"            daemon [_thread_blocked, id=9320, stack(0x000000fcd9100000,0x000000fcd9200000) (1024K)]
  0x0000020a1972ee60 JavaThread "AWT-Shutdown"                      [_thread_blocked, id=18836, stack(0x000000fcd9200000,0x000000fcd9300000) (1024K)]
  0x0000020a19809d80 JavaThread "AWT-Windows"                daemon [_thread_in_native, id=13732, stack(0x000000fcd9300000,0x000000fcd9400000) (1024K)]
  0x0000020a1987b840 JavaThread "AWT-EventQueue-0"                  [_thread_blocked, id=21924, stack(0x000000fcd9000000,0x000000fcd9100000) (1024K)]
  0x0000020a7a512b80 JavaThread "DestroyJavaVM"                     [_thread_blocked, id=12556, stack(0x000000fcd7e00000,0x000000fcd7f00000) (1024K)]
  0x0000020a607d0860 JavaThread "TimerQueue"                 daemon [_thread_blocked, id=13464, stack(0x000000fcd9900000,0x000000fcd9a00000) (1024K)]
  0x0000020a607d0ef0 JavaThread "mysql-cj-abandoned-connection-cleanup" daemon [_thread_blocked, id=26924, stack(0x000000fcda000000,0x000000fcda100000) (1024K)]
  0x0000020a607cfb40 JavaThread "Swing-Shell"                daemon [_thread_blocked, id=18520, stack(0x000000fcda100000,0x000000fcda200000) (1024K)]
  0x0000020a607d01d0 JavaThread "Thread-0"                          [_thread_in_native, id=18488, stack(0x000000fcd9500000,0x000000fcd9600000) (1024K)]
Total: 19

Other Threads:
  0x0000020a7fc82240 VMThread "VM Thread"                           [id=18412, stack(0x000000fcd8500000,0x000000fcd8600000) (1024K)]
  0x0000020a7fc6a890 WatcherThread "VM Periodic Task Thread"        [id=14484, stack(0x000000fcd8400000,0x000000fcd8500000) (1024K)]
  0x0000020a7c854330 WorkerThread "GC Thread#0"                     [id=15192, stack(0x000000fcd7f00000,0x000000fcd8000000) (1024K)]
  0x0000020a605dbeb0 WorkerThread "GC Thread#1"                     [id=1388, stack(0x000000fcd9400000,0x000000fcd9500000) (1024K)]
  0x0000020a605b5530 WorkerThread "GC Thread#2"                     [id=25256, stack(0x000000fcd9a00000,0x000000fcd9b00000) (1024K)]
  0x0000020a605b58d0 WorkerThread "GC Thread#3"                     [id=18404, stack(0x000000fcd9b00000,0x000000fcd9c00000) (1024K)]
  0x0000020a196d3410 WorkerThread "GC Thread#4"                     [id=26664, stack(0x000000fcd9c00000,0x000000fcd9d00000) (1024K)]
  0x0000020a196d37b0 WorkerThread "GC Thread#5"                     [id=25624, stack(0x000000fcd9d00000,0x000000fcd9e00000) (1024K)]
  0x0000020a6049c1c0 WorkerThread "GC Thread#6"                     [id=25960, stack(0x000000fcd9e00000,0x000000fcd9f00000) (1024K)]
  0x0000020a602c6fd0 WorkerThread "GC Thread#7"                     [id=28232, stack(0x000000fcd9f00000,0x000000fcda000000) (1024K)]
  0x0000020a7c865a50 ConcurrentGCThread "G1 Main Marker"            [id=2344, stack(0x000000fcd8000000,0x000000fcd8100000) (1024K)]
  0x0000020a7c866450 WorkerThread "G1 Conc#0"                       [id=26904, stack(0x000000fcd8100000,0x000000fcd8200000) (1024K)]
  0x0000020a7fb424d0 ConcurrentGCThread "G1 Refine#0"               [id=2300, stack(0x000000fcd8200000,0x000000fcd8300000) (1024K)]
  0x0000020a7fb42f40 ConcurrentGCThread "G1 Service"                [id=18468, stack(0x000000fcd8300000,0x000000fcd8400000) (1024K)]
Total: 14

Threads with active compile tasks:
C2 CompilerThread0    26005 3117 %     4       sun.java2d.marlin.Renderer::_endRendering @ 272 (2646 bytes)
Total: 1

VM state: not at safepoint (normal execution)

VM Mutex/Monitor currently owned by a thread: None

Heap address: 0x0000000084c00000, size: 1972 MB, Compressed Oops mode: 32-bit

CDS archive(s) mapped at: [0x0000020a1a000000-0x0000020a1ac90000-0x0000020a1ac90000), size 13172736, SharedBaseAddress: 0x0000020a1a000000, ArchiveRelocationMode: 1.
Compressed class space mapped at: 0x0000020a1b000000-0x0000020a5b000000, reserved size: 1073741824
Narrow klass base: 0x0000020a1a000000, Narrow klass shift: 0, Narrow klass range: 0x100000000

GC Precious Log:
 CardTable entry size: 512
 Card Set container configuration: InlinePtr #cards 5 size 8 Array Of Cards #cards 12 size 40 Howl #buckets 4 coarsen threshold 1843 Howl Bitmap #cards 512 size 80 coarsen threshold 460 Card regions per heap region 1 cards per card region 2048
 CPUs: 8 total, 8 available
 Memory: 7886M
 Large Page Support: Disabled
 NUMA Support: Disabled
 Compressed Oops: Enabled (32-bit)
 Heap Region Size: 1M
 Heap Min Capacity: 8M
 Heap Initial Capacity: 124M
 Heap Max Capacity: 1972M
 Pre-touch: Disabled
 Parallel Workers: 8
 Concurrent Workers: 2
 Concurrent Refinement Workers: 8
 Periodic GC: Disabled

Heap:
 garbage-first heap   total 126976K, used 43199K [0x0000000084c00000, 0x0000000100000000)
  region size 1024K, 30 young (30720K), 3 survivors (3072K)
 Metaspace       used 18881K, committed 19200K, reserved 1114112K
  class space    used 2069K, committed 2240K, reserved 1048576K

Heap Regions: E=young(eden), S=young(survivor), O=old, HS=humongous(starts), HC=humongous(continues), CS=collection set, F=free, TAMS=top-at-mark-start, PB=parsable bottom
|   0|0x0000000084c00000, 0x0000000084d00000, 0x0000000084d00000|100%|HS|  |TAMS 0x0000000084c00000| PB 0x0000000084c00000| Complete 
|   1|0x0000000084d00000, 0x0000000084e00000, 0x0000000084e00000|100%|HS|  |TAMS 0x0000000084d00000| PB 0x0000000084d00000| Complete 
|   2|0x0000000084e00000, 0x0000000084f00000, 0x0000000084f00000|100%|HC|  |TAMS 0x0000000084e00000| PB 0x0000000084e00000| Complete 
|   3|0x0000000084f00000, 0x0000000085000000, 0x0000000085000000|100%|HC|  |TAMS 0x0000000084f00000| PB 0x0000000084f00000| Complete 
|   4|0x0000000085000000, 0x0000000085100000, 0x0000000085100000|100%|HC|  |TAMS 0x0000000085000000| PB 0x0000000085000000| Complete 
|   5|0x0000000085100000, 0x0000000085200000, 0x0000000085200000|100%| O|  |TAMS 0x0000000085100000| PB 0x0000000085100000| Untracked 
|   6|0x0000000085200000, 0x000000008522ffd0, 0x0000000085300000| 18%| O|  |TAMS 0x0000000085200000| PB 0x0000000085200000| Untracked 
|   7|0x0000000085300000, 0x0000000085400000, 0x0000000085400000|100%|HS|  |TAMS 0x0000000085300000| PB 0x0000000085300000| Complete 
|   8|0x0000000085400000, 0x0000000085500000, 0x0000000085500000|100%|HC|  |TAMS 0x0000000085400000| PB 0x0000000085400000| Complete 
|   9|0x0000000085500000, 0x0000000085600000, 0x0000000085600000|100%|HC|  |TAMS 0x0000000085500000| PB 0x0000000085500000| Complete 
|  10|0x0000000085600000, 0x0000000085700000, 0x0000000085700000|100%|HC|  |TAMS 0x0000000085600000| PB 0x0000000085600000| Complete 
|  11|0x0000000085700000, 0x0000000085800000, 0x0000000085800000|100%|HS|  |TAMS 0x0000000085700000| PB 0x0000000085700000| Complete 
|  12|0x0000000085800000, 0x0000000085900000, 0x0000000085900000|100%|HC|  |TAMS 0x0000000085800000| PB 0x0000000085800000| Complete 
|  13|0x0000000085900000, 0x0000000085a00000, 0x0000000085a00000|100%|HC|  |TAMS 0x0000000085900000| PB 0x0000000085900000| Complete 
|  14|0x0000000085a00000, 0x0000000085b00000, 0x0000000085b00000|100%|HC|  |TAMS 0x0000000085a00000| PB 0x0000000085a00000| Complete 
|  15|0x0000000085b00000, 0x0000000085b00000, 0x0000000085c00000|  0%| F|  |TAMS 0x0000000085b00000| PB 0x0000000085b00000| Untracked 
|  16|0x0000000085c00000, 0x0000000085c00000, 0x0000000085d00000|  0%| F|  |TAMS 0x0000000085c00000| PB 0x0000000085c00000| Untracked 
|  17|0x0000000085d00000, 0x0000000085d00000, 0x0000000085e00000|  0%| F|  |TAMS 0x0000000085d00000| PB 0x0000000085d00000| Untracked 
|  18|0x0000000085e00000, 0x0000000085e00000, 0x0000000085f00000|  0%| F|  |TAMS 0x0000000085e00000| PB 0x0000000085e00000| Untracked 
|  19|0x0000000085f00000, 0x0000000085f00000, 0x0000000086000000|  0%| F|  |TAMS 0x0000000085f00000| PB 0x0000000085f00000| Untracked 
|  20|0x0000000086000000, 0x0000000086000000, 0x0000000086100000|  0%| F|  |TAMS 0x0000000086000000| PB 0x0000000086000000| Untracked 
|  21|0x0000000086100000, 0x0000000086100000, 0x0000000086200000|  0%| F|  |TAMS 0x0000000086100000| PB 0x0000000086100000| Untracked 
|  22|0x0000000086200000, 0x0000000086200000, 0x0000000086300000|  0%| F|  |TAMS 0x0000000086200000| PB 0x0000000086200000| Untracked 
|  23|0x0000000086300000, 0x0000000086300000, 0x0000000086400000|  0%| F|  |TAMS 0x0000000086300000| PB 0x0000000086300000| Untracked 
|  24|0x0000000086400000, 0x0000000086400000, 0x0000000086500000|  0%| F|  |TAMS 0x0000000086400000| PB 0x0000000086400000| Untracked 
|  25|0x0000000086500000, 0x0000000086500000, 0x0000000086600000|  0%| F|  |TAMS 0x0000000086500000| PB 0x0000000086500000| Untracked 
|  26|0x0000000086600000, 0x0000000086600000, 0x0000000086700000|  0%| F|  |TAMS 0x0000000086600000| PB 0x0000000086600000| Untracked 
|  27|0x0000000086700000, 0x0000000086700000, 0x0000000086800000|  0%| F|  |TAMS 0x0000000086700000| PB 0x0000000086700000| Untracked 
|  28|0x0000000086800000, 0x0000000086800000, 0x0000000086900000|  0%| F|  |TAMS 0x0000000086800000| PB 0x0000000086800000| Untracked 
|  29|0x0000000086900000, 0x0000000086900000, 0x0000000086a00000|  0%| F|  |TAMS 0x0000000086900000| PB 0x0000000086900000| Untracked 
|  30|0x0000000086a00000, 0x0000000086a00000, 0x0000000086b00000|  0%| F|  |TAMS 0x0000000086a00000| PB 0x0000000086a00000| Untracked 
|  31|0x0000000086b00000, 0x0000000086b00000, 0x0000000086c00000|  0%| F|  |TAMS 0x0000000086b00000| PB 0x0000000086b00000| Untracked 
|  32|0x0000000086c00000, 0x0000000086c00000, 0x0000000086d00000|  0%| F|  |TAMS 0x0000000086c00000| PB 0x0000000086c00000| Untracked 
|  33|0x0000000086d00000, 0x0000000086d00000, 0x0000000086e00000|  0%| F|  |TAMS 0x0000000086d00000| PB 0x0000000086d00000| Untracked 
|  34|0x0000000086e00000, 0x0000000086e00000, 0x0000000086f00000|  0%| F|  |TAMS 0x0000000086e00000| PB 0x0000000086e00000| Untracked 
|  35|0x0000000086f00000, 0x0000000086f00000, 0x0000000087000000|  0%| F|  |TAMS 0x0000000086f00000| PB 0x0000000086f00000| Untracked 
|  36|0x0000000087000000, 0x0000000087000000, 0x0000000087100000|  0%| F|  |TAMS 0x0000000087000000| PB 0x0000000087000000| Untracked 
|  37|0x0000000087100000, 0x0000000087100000, 0x0000000087200000|  0%| F|  |TAMS 0x0000000087100000| PB 0x0000000087100000| Untracked 
|  38|0x0000000087200000, 0x0000000087200000, 0x0000000087300000|  0%| F|  |TAMS 0x0000000087200000| PB 0x0000000087200000| Untracked 
|  39|0x0000000087300000, 0x0000000087300000, 0x0000000087400000|  0%| F|  |TAMS 0x0000000087300000| PB 0x0000000087300000| Untracked 
|  40|0x0000000087400000, 0x0000000087400000, 0x0000000087500000|  0%| F|  |TAMS 0x0000000087400000| PB 0x0000000087400000| Untracked 
|  41|0x0000000087500000, 0x0000000087500000, 0x0000000087600000|  0%| F|  |TAMS 0x0000000087500000| PB 0x0000000087500000| Untracked 
|  42|0x0000000087600000, 0x0000000087600000, 0x0000000087700000|  0%| F|  |TAMS 0x0000000087600000| PB 0x0000000087600000| Untracked 
|  43|0x0000000087700000, 0x0000000087700000, 0x0000000087800000|  0%| F|  |TAMS 0x0000000087700000| PB 0x0000000087700000| Untracked 
|  44|0x0000000087800000, 0x0000000087800000, 0x0000000087900000|  0%| F|  |TAMS 0x0000000087800000| PB 0x0000000087800000| Untracked 
|  45|0x0000000087900000, 0x0000000087900000, 0x0000000087a00000|  0%| F|  |TAMS 0x0000000087900000| PB 0x0000000087900000| Untracked 
|  46|0x0000000087a00000, 0x0000000087a00000, 0x0000000087b00000|  0%| F|  |TAMS 0x0000000087a00000| PB 0x0000000087a00000| Untracked 
|  47|0x0000000087b00000, 0x0000000087b00000, 0x0000000087c00000|  0%| F|  |TAMS 0x0000000087b00000| PB 0x0000000087b00000| Untracked 
|  48|0x0000000087c00000, 0x0000000087c00000, 0x0000000087d00000|  0%| F|  |TAMS 0x0000000087c00000| PB 0x0000000087c00000| Untracked 
|  49|0x0000000087d00000, 0x0000000087d00000, 0x0000000087e00000|  0%| F|  |TAMS 0x0000000087d00000| PB 0x0000000087d00000| Untracked 
|  50|0x0000000087e00000, 0x0000000087e00000, 0x0000000087f00000|  0%| F|  |TAMS 0x0000000087e00000| PB 0x0000000087e00000| Untracked 
|  51|0x0000000087f00000, 0x0000000087f00000, 0x0000000088000000|  0%| F|  |TAMS 0x0000000087f00000| PB 0x0000000087f00000| Untracked 
|  52|0x0000000088000000, 0x0000000088000000, 0x0000000088100000|  0%| F|  |TAMS 0x0000000088000000| PB 0x0000000088000000| Untracked 
|  53|0x0000000088100000, 0x0000000088100000, 0x0000000088200000|  0%| F|  |TAMS 0x0000000088100000| PB 0x0000000088100000| Untracked 
|  54|0x0000000088200000, 0x0000000088200000, 0x0000000088300000|  0%| F|  |TAMS 0x0000000088200000| PB 0x0000000088200000| Untracked 
|  55|0x0000000088300000, 0x0000000088300000, 0x0000000088400000|  0%| F|  |TAMS 0x0000000088300000| PB 0x0000000088300000| Untracked 
|  56|0x0000000088400000, 0x0000000088400000, 0x0000000088500000|  0%| F|  |TAMS 0x0000000088400000| PB 0x0000000088400000| Untracked 
|  57|0x0000000088500000, 0x0000000088500000, 0x0000000088600000|  0%| F|  |TAMS 0x0000000088500000| PB 0x0000000088500000| Untracked 
|  58|0x0000000088600000, 0x0000000088600000, 0x0000000088700000|  0%| F|  |TAMS 0x0000000088600000| PB 0x0000000088600000| Untracked 
|  59|0x0000000088700000, 0x0000000088700000, 0x0000000088800000|  0%| F|  |TAMS 0x0000000088700000| PB 0x0000000088700000| Untracked 
|  60|0x0000000088800000, 0x0000000088800000, 0x0000000088900000|  0%| F|  |TAMS 0x0000000088800000| PB 0x0000000088800000| Untracked 
|  61|0x0000000088900000, 0x0000000088900000, 0x0000000088a00000|  0%| F|  |TAMS 0x0000000088900000| PB 0x0000000088900000| Untracked 
|  62|0x0000000088a00000, 0x0000000088a00000, 0x0000000088b00000|  0%| F|  |TAMS 0x0000000088a00000| PB 0x0000000088a00000| Untracked 
|  63|0x0000000088b00000, 0x0000000088b00000, 0x0000000088c00000|  0%| F|  |TAMS 0x0000000088b00000| PB 0x0000000088b00000| Untracked 
|  64|0x0000000088c00000, 0x0000000088c00000, 0x0000000088d00000|  0%| F|  |TAMS 0x0000000088c00000| PB 0x0000000088c00000| Untracked 
|  65|0x0000000088d00000, 0x0000000088d00000, 0x0000000088e00000|  0%| F|  |TAMS 0x0000000088d00000| PB 0x0000000088d00000| Untracked 
|  66|0x0000000088e00000, 0x0000000088e00000, 0x0000000088f00000|  0%| F|  |TAMS 0x0000000088e00000| PB 0x0000000088e00000| Untracked 
|  67|0x0000000088f00000, 0x0000000088f00000, 0x0000000089000000|  0%| F|  |TAMS 0x0000000088f00000| PB 0x0000000088f00000| Untracked 
|  68|0x0000000089000000, 0x0000000089000000, 0x0000000089100000|  0%| F|  |TAMS 0x0000000089000000| PB 0x0000000089000000| Untracked 
|  69|0x0000000089100000, 0x0000000089100000, 0x0000000089200000|  0%| F|  |TAMS 0x0000000089100000| PB 0x0000000089100000| Untracked 
|  70|0x0000000089200000, 0x0000000089200000, 0x0000000089300000|  0%| F|  |TAMS 0x0000000089200000| PB 0x0000000089200000| Untracked 
|  71|0x0000000089300000, 0x0000000089300000, 0x0000000089400000|  0%| F|  |TAMS 0x0000000089300000| PB 0x0000000089300000| Untracked 
|  72|0x0000000089400000, 0x0000000089400000, 0x0000000089500000|  0%| F|  |TAMS 0x0000000089400000| PB 0x0000000089400000| Untracked 
|  73|0x0000000089500000, 0x0000000089500000, 0x0000000089600000|  0%| F|  |TAMS 0x0000000089500000| PB 0x0000000089500000| Untracked 
|  74|0x0000000089600000, 0x0000000089600000, 0x0000000089700000|  0%| F|  |TAMS 0x0000000089600000| PB 0x0000000089600000| Untracked 
|  75|0x0000000089700000, 0x0000000089700000, 0x0000000089800000|  0%| F|  |TAMS 0x0000000089700000| PB 0x0000000089700000| Untracked 
|  76|0x0000000089800000, 0x0000000089800000, 0x0000000089900000|  0%| F|  |TAMS 0x0000000089800000| PB 0x0000000089800000| Untracked 
|  77|0x0000000089900000, 0x0000000089900000, 0x0000000089a00000|  0%| F|  |TAMS 0x0000000089900000| PB 0x0000000089900000| Untracked 
|  78|0x0000000089a00000, 0x0000000089a00000, 0x0000000089b00000|  0%| F|  |TAMS 0x0000000089a00000| PB 0x0000000089a00000| Untracked 
|  79|0x0000000089b00000, 0x0000000089b00000, 0x0000000089c00000|  0%| F|  |TAMS 0x0000000089b00000| PB 0x0000000089b00000| Untracked 
|  80|0x0000000089c00000, 0x0000000089c00000, 0x0000000089d00000|  0%| F|  |TAMS 0x0000000089c00000| PB 0x0000000089c00000| Untracked 
|  81|0x0000000089d00000, 0x0000000089d00000, 0x0000000089e00000|  0%| F|  |TAMS 0x0000000089d00000| PB 0x0000000089d00000| Untracked 
|  82|0x0000000089e00000, 0x0000000089e00000, 0x0000000089f00000|  0%| F|  |TAMS 0x0000000089e00000| PB 0x0000000089e00000| Untracked 
|  83|0x0000000089f00000, 0x0000000089f00000, 0x000000008a000000|  0%| F|  |TAMS 0x0000000089f00000| PB 0x0000000089f00000| Untracked 
|  84|0x000000008a000000, 0x000000008a000000, 0x000000008a100000|  0%| F|  |TAMS 0x000000008a000000| PB 0x000000008a000000| Untracked 
|  85|0x000000008a100000, 0x000000008a100000, 0x000000008a200000|  0%| F|  |TAMS 0x000000008a100000| PB 0x000000008a100000| Untracked 
|  86|0x000000008a200000, 0x000000008a200000, 0x000000008a300000|  0%| F|  |TAMS 0x000000008a200000| PB 0x000000008a200000| Untracked 
|  87|0x000000008a300000, 0x000000008a300000, 0x000000008a400000|  0%| F|  |TAMS 0x000000008a300000| PB 0x000000008a300000| Untracked 
|  88|0x000000008a400000, 0x000000008a400000, 0x000000008a500000|  0%| F|  |TAMS 0x000000008a400000| PB 0x000000008a400000| Untracked 
|  89|0x000000008a500000, 0x000000008a500000, 0x000000008a600000|  0%| F|  |TAMS 0x000000008a500000| PB 0x000000008a500000| Untracked 
|  90|0x000000008a600000, 0x000000008a600000, 0x000000008a700000|  0%| F|  |TAMS 0x000000008a600000| PB 0x000000008a600000| Untracked 
|  91|0x000000008a700000, 0x000000008a700000, 0x000000008a800000|  0%| F|  |TAMS 0x000000008a700000| PB 0x000000008a700000| Untracked 
|  92|0x000000008a800000, 0x000000008a800000, 0x000000008a900000|  0%| F|  |TAMS 0x000000008a800000| PB 0x000000008a800000| Untracked 
|  93|0x000000008a900000, 0x000000008a900000, 0x000000008aa00000|  0%| F|  |TAMS 0x000000008a900000| PB 0x000000008a900000| Untracked 
|  94|0x000000008aa00000, 0x000000008aa04010, 0x000000008ab00000|  1%| E|  |TAMS 0x000000008aa00000| PB 0x000000008aa00000| Complete 
|  95|0x000000008ab00000, 0x000000008ac00000, 0x000000008ac00000|100%| E|CS|TAMS 0x000000008ab00000| PB 0x000000008ab00000| Complete 
|  96|0x000000008ac00000, 0x000000008ad00000, 0x000000008ad00000|100%| E|CS|TAMS 0x000000008ac00000| PB 0x000000008ac00000| Complete 
|  97|0x000000008ad00000, 0x000000008ae00000, 0x000000008ae00000|100%| E|CS|TAMS 0x000000008ad00000| PB 0x000000008ad00000| Complete 
|  98|0x000000008ae00000, 0x000000008af00000, 0x000000008af00000|100%| S|CS|TAMS 0x000000008ae00000| PB 0x000000008ae00000| Complete 
|  99|0x000000008af00000, 0x000000008b000000, 0x000000008b000000|100%| S|CS|TAMS 0x000000008af00000| PB 0x000000008af00000| Complete 
| 100|0x000000008b000000, 0x000000008b100000, 0x000000008b100000|100%| S|CS|TAMS 0x000000008b000000| PB 0x000000008b000000| Complete 
| 101|0x000000008b100000, 0x000000008b200000, 0x000000008b200000|100%| E|CS|TAMS 0x000000008b100000| PB 0x000000008b100000| Complete 
| 102|0x000000008b200000, 0x000000008b300000, 0x000000008b300000|100%| E|CS|TAMS 0x000000008b200000| PB 0x000000008b200000| Complete 
| 103|0x000000008b300000, 0x000000008b400000, 0x000000008b400000|100%| E|CS|TAMS 0x000000008b300000| PB 0x000000008b300000| Complete 
| 104|0x000000008b400000, 0x000000008b500000, 0x000000008b500000|100%| E|CS|TAMS 0x000000008b400000| PB 0x000000008b400000| Complete 
| 105|0x000000008b500000, 0x000000008b600000, 0x000000008b600000|100%| E|CS|TAMS 0x000000008b500000| PB 0x000000008b500000| Complete 
| 106|0x000000008b600000, 0x000000008b700000, 0x000000008b700000|100%| E|CS|TAMS 0x000000008b600000| PB 0x000000008b600000| Complete 
| 107|0x000000008b700000, 0x000000008b800000, 0x000000008b800000|100%| E|CS|TAMS 0x000000008b700000| PB 0x000000008b700000| Complete 
| 108|0x000000008b800000, 0x000000008b900000, 0x000000008b900000|100%| E|CS|TAMS 0x000000008b800000| PB 0x000000008b800000| Complete 
| 109|0x000000008b900000, 0x000000008ba00000, 0x000000008ba00000|100%| E|CS|TAMS 0x000000008b900000| PB 0x000000008b900000| Complete 
| 110|0x000000008ba00000, 0x000000008bb00000, 0x000000008bb00000|100%| E|CS|TAMS 0x000000008ba00000| PB 0x000000008ba00000| Complete 
| 111|0x000000008bb00000, 0x000000008bc00000, 0x000000008bc00000|100%| E|CS|TAMS 0x000000008bb00000| PB 0x000000008bb00000| Complete 
| 112|0x000000008bc00000, 0x000000008bd00000, 0x000000008bd00000|100%| E|CS|TAMS 0x000000008bc00000| PB 0x000000008bc00000| Complete 
| 113|0x000000008bd00000, 0x000000008be00000, 0x000000008be00000|100%| E|CS|TAMS 0x000000008bd00000| PB 0x000000008bd00000| Complete 
| 114|0x000000008be00000, 0x000000008bf00000, 0x000000008bf00000|100%| E|  |TAMS 0x000000008be00000| PB 0x000000008be00000| Complete 
| 115|0x000000008bf00000, 0x000000008c000000, 0x000000008c000000|100%| E|CS|TAMS 0x000000008bf00000| PB 0x000000008bf00000| Complete 
| 116|0x000000008c000000, 0x000000008c100000, 0x000000008c100000|100%| E|CS|TAMS 0x000000008c000000| PB 0x000000008c000000| Complete 
| 117|0x000000008c100000, 0x000000008c200000, 0x000000008c200000|100%| E|CS|TAMS 0x000000008c100000| PB 0x000000008c100000| Complete 
| 118|0x000000008c200000, 0x000000008c300000, 0x000000008c300000|100%| E|CS|TAMS 0x000000008c200000| PB 0x000000008c200000| Complete 
| 119|0x000000008c300000, 0x000000008c400000, 0x000000008c400000|100%| E|CS|TAMS 0x000000008c300000| PB 0x000000008c300000| Complete 
| 120|0x000000008c400000, 0x000000008c500000, 0x000000008c500000|100%| E|CS|TAMS 0x000000008c400000| PB 0x000000008c400000| Complete 
| 121|0x000000008c500000, 0x000000008c600000, 0x000000008c600000|100%| E|CS|TAMS 0x000000008c500000| PB 0x000000008c500000| Complete 
| 122|0x000000008c600000, 0x000000008c700000, 0x000000008c700000|100%| E|CS|TAMS 0x000000008c600000| PB 0x000000008c600000| Complete 
| 123|0x000000008c700000, 0x000000008c800000, 0x000000008c800000|100%| E|CS|TAMS 0x000000008c700000| PB 0x000000008c700000| Complete 

Card table byte_map: [0x0000020a7cfe0000,0x0000020a7d3c0000] _byte_map_base: 0x0000020a7cbba000

Marking Bits: (CMBitMap*) 0x0000020a7c854930
 Bits: [0x0000020a7d3c0000, 0x0000020a7f290000)

Polling page: 0x0000020a7a740000

Metaspace:

Usage:
  Non-class:     16.42 MB used.
      Class:      2.02 MB used.
       Both:     18.44 MB used.

Virtual space:
  Non-class space:       64.00 MB reserved,      16.56 MB ( 26%) committed,  1 nodes.
      Class space:        1.00 GB reserved,       2.19 MB ( <1%) committed,  1 nodes.
             Both:        1.06 GB reserved,      18.75 MB (  2%) committed. 

Chunk freelists:
   Non-Class:  14.99 MB
       Class:  13.74 MB
        Both:  28.73 MB

MaxMetaspaceSize: unlimited
CompressedClassSpaceSize: 1.00 GB
Initial GC threshold: 21.00 MB
Current GC threshold: 21.00 MB
CDS: on
 - commit_granule_bytes: 65536.
 - commit_granule_words: 8192.
 - virtual_space_node_default_size: 8388608.
 - enlarge_chunks_in_place: 1.
 - use_allocation_guard: 0.


Internal statistics:

num_allocs_failed_limit: 0.
num_arena_births: 204.
num_arena_deaths: 0.
num_vsnodes_births: 2.
num_vsnodes_deaths: 0.
num_space_committed: 300.
num_space_uncommitted: 0.
num_chunks_returned_to_freelist: 0.
num_chunks_taken_from_freelist: 399.
num_chunk_merges: 0.
num_chunk_splits: 249.
num_chunks_enlarged: 145.
num_inconsistent_stats: 0.

CodeHeap 'non-profiled nmethods': size=120000Kb used=1281Kb max_used=1281Kb free=118718Kb
 bounds [0x0000020a0fe70000, 0x0000020a100e0000, 0x0000020a173a0000]
CodeHeap 'profiled nmethods': size=120000Kb used=6589Kb max_used=6589Kb free=113410Kb
 bounds [0x0000020a083a0000, 0x0000020a08a10000, 0x0000020a0f8d0000]
CodeHeap 'non-nmethods': size=5760Kb used=1942Kb max_used=1971Kb free=3817Kb
 bounds [0x0000020a0f8d0000, 0x0000020a0fb40000, 0x0000020a0fe70000]
 total_blobs=3872 nmethods=3116 adapters=660
 compilation: enabled
              stopped_count=0, restarted_count=0
 full_count=0

Compilation events (20 events):
Event: 21.566 Thread 0x0000020a7fcb7e20 3106       3       java.lang.Character::toUpperCase (9 bytes)
Event: 21.566 Thread 0x0000020a7fcb7e20 nmethod 3106 0x0000020a08a05b10 code [0x0000020a08a05cc0, 0x0000020a08a05eb8]
Event: 21.566 Thread 0x0000020a7fcb7e20 3105       3       java.lang.Character::toUpperCase (6 bytes)
Event: 21.566 Thread 0x0000020a7fcb7e20 nmethod 3105 0x0000020a08a05f90 code [0x0000020a08a06160, 0x0000020a08a063b8]
Event: 21.566 Thread 0x0000020a7fcb7e20 3107       1       java.awt.geom.RoundRectIterator::getWindingRule (2 bytes)
Event: 21.566 Thread 0x0000020a7fcb7e20 nmethod 3107 0x0000020a0ffab390 code [0x0000020a0ffab520, 0x0000020a0ffab5e8]
Event: 21.567 Thread 0x0000020a7fcb7e20 3109   !   3       sun.font.FontStrikeDesc::equals (53 bytes)
Event: 21.568 Thread 0x0000020a7fcb7e20 nmethod 3109 0x0000020a08a06490 code [0x0000020a08a06660, 0x0000020a08a06a38]
Event: 21.572 Thread 0x0000020a7fcb7e20 3110   !   3       javax.swing.JComponent::_paintImmediately (891 bytes)
Event: 21.577 Thread 0x0000020a7fcb7e20 nmethod 3110 0x0000020a08a06c10 code [0x0000020a08a07340, 0x0000020a08a0c710]
Event: 21.587 Thread 0x0000020a7fca9b80 nmethod 3104 0x0000020a0ffab690 code [0x0000020a0ffab900, 0x0000020a0ffacd68]
Event: 21.587 Thread 0x0000020a7fca9b80 3108       4       sun.java2d.marlin.MarlinCache::copyAARowRLE_WithBlockFlags (733 bytes)
Event: 21.609 Thread 0x0000020a7fcb7e20 3112       3       java.util.Set::of (10 bytes)
Event: 21.609 Thread 0x0000020a7fcb7e20 nmethod 3112 0x0000020a08a0e790 code [0x0000020a08a0e940, 0x0000020a08a0ead0]
Event: 21.609 Thread 0x0000020a7fca9b80 nmethod 3108 0x0000020a0ffadc90 code [0x0000020a0ffadec0, 0x0000020a0ffaf058]
Event: 21.610 Thread 0x0000020a7fcb7e20 3115       3       jdk.internal.org.objectweb.asm.SymbolTable::addTypeInternal (85 bytes)
Event: 21.611 Thread 0x0000020a7fcb7e20 nmethod 3115 0x0000020a08a0eb90 code [0x0000020a08a0ed80, 0x0000020a08a0f3a8]
Event: 21.611 Thread 0x0000020a7fca9b80 3116       4       jdk.internal.org.objectweb.asm.ByteVector::putByte (39 bytes)
Event: 21.613 Thread 0x0000020a7fca9b80 nmethod 3116 0x0000020a0ffb0310 code [0x0000020a0ffb04a0, 0x0000020a0ffb0608]
Event: 25.919 Thread 0x0000020a7fca9b80 3117 %     4       sun.java2d.marlin.Renderer::_endRendering @ 272 (2646 bytes)

GC Heap History (2 events):
Event: 8.652 GC heap before
{Heap before GC invocations=0 (full 0):
 garbage-first heap   total 126976K, used 28672K [0x0000000084c00000, 0x0000000100000000)
  region size 1024K, 23 young (23552K), 0 survivors (0K)
 Metaspace       used 10939K, committed 11200K, reserved 1114112K
  class space    used 1204K, committed 1344K, reserved 1048576K
}
Event: 8.657 GC heap after
{Heap after GC invocations=1 (full 0):
 garbage-first heap   total 126976K, used 9407K [0x0000000084c00000, 0x0000000100000000)
  region size 1024K, 3 young (3072K), 3 survivors (3072K)
 Metaspace       used 10939K, committed 11200K, reserved 1114112K
  class space    used 1204K, committed 1344K, reserved 1048576K
}

Dll operation events (11 events):
Event: 0.006 Loaded shared library C:\Program Files\Java\jdk-21\bin\java.dll
Event: 0.038 Loaded shared library C:\Program Files\Java\jdk-21\bin\jsvml.dll
Event: 0.072 Loaded shared library C:\Program Files\Java\jdk-21\bin\jimage.dll
Event: 0.083 Loaded shared library C:\Program Files\Java\jdk-21\bin\net.dll
Event: 0.084 Loaded shared library C:\Program Files\Java\jdk-21\bin\nio.dll
Event: 0.088 Loaded shared library C:\Program Files\Java\jdk-21\bin\zip.dll
Event: 0.117 Loaded shared library C:\Program Files\Java\jdk-21\bin\awt.dll
Event: 0.292 Loaded shared library C:\Program Files\Java\jdk-21\bin\freetype.dll
Event: 0.293 Loaded shared library C:\Program Files\Java\jdk-21\bin\fontmanager.dll
Event: 0.515 Loaded shared library C:\Program Files\Java\jdk-21\bin\javajpeg.dll
Event: 11.467 Loaded shared library C:\Program Files\Java\jdk-21\bin\extnet.dll

Deoptimization events (20 events):
Event: 20.006 Thread 0x0000020a1987b840 DEOPT PACKING pc=0x0000020a0ff9ffcc sp=0x000000fcd90fc7c0
Event: 20.006 Thread 0x0000020a1987b840 DEOPT UNPACKING pc=0x0000020a0f927da2 sp=0x000000fcd90fc6d8 mode 2
Event: 20.007 Thread 0x0000020a1987b840 Uncommon trap: trap_request=0xffffff45 fr.pc=0x0000020a0ff92904 relative=0x0000000000001a04
Event: 20.007 Thread 0x0000020a1987b840 Uncommon trap: reason=unstable_if action=reinterpret pc=0x0000020a0ff92904 method=sun.java2d.marlin.Renderer._endRendering(II)V @ 2159 c2
Event: 20.007 Thread 0x0000020a1987b840 DEOPT PACKING pc=0x0000020a0ff92904 sp=0x000000fcd90fbdf0
Event: 20.007 Thread 0x0000020a1987b840 DEOPT UNPACKING pc=0x0000020a0f927da2 sp=0x000000fcd90fbbd0 mode 2
Event: 20.007 Thread 0x0000020a1987b840 Uncommon trap: trap_request=0xffffff45 fr.pc=0x0000020a0fed7794 relative=0x0000000000000d54
Event: 20.007 Thread 0x0000020a1987b840 Uncommon trap: reason=unstable_if action=reinterpret pc=0x0000020a0fed7794 method=sun.java2d.marlin.MarlinCache.copyAARowRLE_WithBlockFlags([I[IIII)V @ 462 c2
Event: 20.007 Thread 0x0000020a1987b840 DEOPT PACKING pc=0x0000020a0fed7794 sp=0x000000fcd90fbad0
Event: 20.007 Thread 0x0000020a1987b840 DEOPT UNPACKING pc=0x0000020a0f927da2 sp=0x000000fcd90fb9c8 mode 2
Event: 20.007 Thread 0x0000020a1987b840 Uncommon trap: trap_request=0xffffff45 fr.pc=0x0000020a0fed1a60 relative=0x00000000000012a0
Event: 20.007 Thread 0x0000020a1987b840 Uncommon trap: reason=unstable_if action=reinterpret pc=0x0000020a0fed1a60 method=sun.java2d.marlin.MarlinCache.copyAARowRLE_WithBlockFlags([I[IIII)V @ 462 c2
Event: 20.007 Thread 0x0000020a1987b840 DEOPT PACKING pc=0x0000020a0fed1a60 sp=0x000000fcd90fba90
Event: 20.007 Thread 0x0000020a1987b840 DEOPT UNPACKING pc=0x0000020a0f927da2 sp=0x000000fcd90fb9c8 mode 2
Event: 20.914 Thread 0x0000020a1987b840 DEOPT PACKING pc=0x0000020a08965cbf sp=0x000000fcd90fbb50
Event: 20.914 Thread 0x0000020a1987b840 DEOPT UNPACKING pc=0x0000020a0f9288e2 sp=0x000000fcd90fafc8 mode 0
Event: 20.914 Thread 0x0000020a1987b840 DEOPT PACKING pc=0x0000020a08965cbf sp=0x000000fcd90fbb50
Event: 20.914 Thread 0x0000020a1987b840 DEOPT UNPACKING pc=0x0000020a0f9288e2 sp=0x000000fcd90fafc8 mode 0
Event: 25.911 Thread 0x0000020a1987b840 DEOPT PACKING pc=0x0000020a0862be7c sp=0x000000fcd90fecc0
Event: 25.911 Thread 0x0000020a1987b840 DEOPT UNPACKING pc=0x0000020a0f9288e2 sp=0x000000fcd90fe098 mode 0

Classes loaded (20 events):
Event: 21.610 Loading class java/lang/ProcessHandleImpl
Event: 21.610 Loading class java/lang/ProcessHandle
Event: 21.610 Loading class java/lang/ProcessHandle done
Event: 21.610 Loading class java/lang/ProcessHandleImpl done
Event: 21.611 Loading class java/util/concurrent/SynchronousQueue
Event: 21.612 Loading class java/util/concurrent/SynchronousQueue done
Event: 21.612 Loading class java/util/concurrent/SynchronousQueue$Transferer
Event: 21.612 Loading class java/util/concurrent/LinkedTransferQueue
Event: 21.612 Loading class java/util/concurrent/TransferQueue
Event: 21.612 Loading class java/util/concurrent/TransferQueue done
Event: 21.612 Loading class java/util/concurrent/LinkedTransferQueue done
Event: 21.612 Loading class java/util/concurrent/SynchronousQueue$Transferer done
Event: 21.612 Loading class java/util/concurrent/LinkedTransferQueue$DualNode
Event: 21.612 Loading class java/util/concurrent/LinkedTransferQueue$DualNode done
Event: 21.613 Loading class java/lang/ProcessImpl$2
Event: 21.613 Loading class java/lang/ProcessImpl$2 done
Event: 21.614 Loading class java/lang/Process$PipeInputStream
Event: 21.614 Loading class java/lang/Process$PipeInputStream done
Event: 21.614 Loading class jdk/internal/event/ProcessStartEvent
Event: 21.614 Loading class jdk/internal/event/ProcessStartEvent done

Classes unloaded (0 events):
No events

Classes redefined (0 events):
No events

Internal exceptions (20 events):
Event: 0.498 Thread 0x0000020a60533300 Exception <a 'java/lang/NoSuchMethodError'{0x000000008c0f7a78}: 'java.lang.Object java.lang.invoke.DirectMethodHandle$Holder.newInvokeSpecial(java.lang.Object, java.lang.Object, java.lang.Object, int, int, int, int, int)'> (0x000000008c0f7a78) 
thrown [s\open\src\hotspot\share\interpreter\linkResolver.cpp, line 773]
Event: 0.513 Thread 0x0000020a60533300 Exception <a 'java/lang/InterruptedException'{0x000000008bf1de50}: sleep interrupted> (0x000000008bf1de50) 
thrown [s\open\src\hotspot\share\prims\jvm.cpp, line 3052]
Event: 0.533 Thread 0x0000020a19809d80 Exception <a 'java/lang/NoSuchMethodError'{0x000000008c3fa5e8}: 'void java.lang.invoke.DirectMethodHandle$Holder.invokeVirtual(java.lang.Object, java.lang.Object)'> (0x000000008c3fa5e8) 
thrown [s\open\src\hotspot\share\interpreter\linkResolver.cpp, line 773]
Event: 0.558 Thread 0x0000020a1987b840 Exception <a 'java/lang/NoSuchMethodError'{0x000000008c0e0d80}: 'void java.lang.invoke.DirectMethodHandle$Holder.invokeStaticInit(java.lang.Object)'> (0x000000008c0e0d80) 
thrown [s\open\src\hotspot\share\interpreter\linkResolver.cpp, line 773]
Event: 0.862 Thread 0x0000020a1987b840 Implicit null exception at 0x0000020a0feb44fd to 0x0000020a0feb4a82
Event: 0.863 Thread 0x0000020a1987b840 Implicit null exception at 0x0000020a0feb44fd to 0x0000020a0feb4a82
Event: 0.863 Thread 0x0000020a1987b840 Implicit null exception at 0x0000020a0feb44fd to 0x0000020a0feb4a82
Event: 0.863 Thread 0x0000020a1987b840 Implicit null exception at 0x0000020a0feb44fd to 0x0000020a0feb4a82
Event: 11.322 Thread 0x0000020a1987b840 Exception <a 'java/lang/NoSuchMethodError'{0x000000008c2efca8}: 'void java.lang.invoke.DirectMethodHandle$Holder.invokeStatic(java.lang.Object, java.lang.Object)'> (0x000000008c2efca8) 
thrown [s\open\src\hotspot\share\interpreter\linkResolver.cpp, line 773]
Event: 11.358 Thread 0x0000020a1987b840 Exception <a 'java/lang/NoSuchMethodError'{0x000000008c1b5f60}: 'java.lang.Object java.lang.invoke.DirectMethodHandle$Holder.invokeInterface(java.lang.Object, java.lang.Object)'> (0x000000008c1b5f60) 
thrown [s\open\src\hotspot\share\interpreter\linkResolver.cpp, line 773]
Event: 11.384 Thread 0x0000020a1987b840 Exception <a 'java/lang/NoSuchMethodError'{0x000000008c031100}: 'void java.lang.invoke.DirectMethodHandle$Holder.invokeStatic(java.lang.Object, java.lang.Object, java.lang.Object)'> (0x000000008c031100) 
thrown [s\open\src\hotspot\share\interpreter\linkResolver.cpp, line 773]
Event: 11.385 Thread 0x0000020a1987b840 Exception <a 'java/lang/NoSuchMethodError'{0x000000008c03a440}: 'java.lang.Object java.lang.invoke.DirectMethodHandle$Holder.invokeVirtual(java.lang.Object, java.lang.Object, java.lang.Object)'> (0x000000008c03a440) 
thrown [s\open\src\hotspot\share\interpreter\linkResolver.cpp, line 773]
Event: 11.624 Thread 0x0000020a603ea820 Exception <a 'java/lang/InterruptedException'{0x000000008baec678}: sleep interrupted> (0x000000008baec678) 
thrown [s\open\src\hotspot\share\prims\jvm.cpp, line 3052]
Event: 15.683 Thread 0x0000020a1987b840 Exception <a 'java/lang/NoSuchMethodError'{0x000000008b2ab910}: 'int java.lang.invoke.DirectMethodHandle$Holder.invokeStatic(java.lang.Object)'> (0x000000008b2ab910) 
thrown [s\open\src\hotspot\share\interpreter\linkResolver.cpp, line 773]
Event: 15.737 Thread 0x0000020a1987b840 Implicit null exception at 0x0000020a0ff89ce1 to 0x0000020a0ff8a368
Event: 15.738 Thread 0x0000020a1987b840 Implicit null exception at 0x0000020a0ff89ce1 to 0x0000020a0ff8a368
Event: 21.608 Thread 0x0000020a607d01d0 Exception <a 'java/lang/NoSuchMethodError'{0x000000008abe4a18}: 'void java.lang.invoke.DirectMethodHandle$Holder.invokeStatic(java.lang.Object, long)'> (0x000000008abe4a18) 
thrown [s\open\src\hotspot\share\interpreter\linkResolver.cpp, line 773]
Event: 21.609 Thread 0x0000020a607d01d0 Exception <a 'java/lang/NoSuchMethodError'{0x000000008abe95e8}: 'java.lang.Object java.lang.invoke.DirectMethodHandle$Holder.newInvokeSpecial(java.lang.Object, long)'> (0x000000008abe95e8) 
thrown [s\open\src\hotspot\share\interpreter\linkResolver.cpp, line 773]
Event: 21.610 Thread 0x0000020a607d01d0 Exception <a 'java/lang/NoSuchMethodError'{0x000000008abef6c8}: 'java.lang.Object java.lang.invoke.DirectMethodHandle$Holder.invokeStatic(java.lang.Object, long, java.lang.Object)'> (0x000000008abef6c8) 
thrown [s\open\src\hotspot\share\interpreter\linkResolver.cpp, line 773]
Event: 21.611 Thread 0x0000020a607d01d0 Exception <a 'java/lang/NoSuchMethodError'{0x000000008abf2a70}: 'java.lang.Object java.lang.invoke.DirectMethodHandle$Holder.invokeStaticInit(java.lang.Object, long, java.lang.Object)'> (0x000000008abf2a70) 
thrown [s\open\src\hotspot\share\interpreter\linkResolver.cpp, line 773]

ZGC Phase Switch (0 events):
No events

VM Operations (20 events):
Event: 15.711 Executing VM operation: HandshakeAllThreads (Deoptimize)
Event: 15.711 Executing VM operation: HandshakeAllThreads (Deoptimize) done
Event: 15.712 Executing VM operation: HandshakeAllThreads (Deoptimize)
Event: 15.712 Executing VM operation: HandshakeAllThreads (Deoptimize) done
Event: 15.755 Executing VM operation: ICBufferFull
Event: 15.755 Executing VM operation: ICBufferFull done
Event: 16.761 Executing VM operation: Cleanup
Event: 16.761 Executing VM operation: Cleanup done
Event: 17.774 Executing VM operation: Cleanup
Event: 17.774 Executing VM operation: Cleanup done
Event: 18.787 Executing VM operation: Cleanup
Event: 18.787 Executing VM operation: Cleanup done
Event: 20.811 Executing VM operation: Cleanup
Event: 20.811 Executing VM operation: Cleanup done
Event: 21.564 Executing VM operation: HandshakeAllThreads (Deoptimize)
Event: 21.564 Executing VM operation: HandshakeAllThreads (Deoptimize) done
Event: 21.613 Executing VM operation: HandshakeAllThreads (Deoptimize)
Event: 21.613 Executing VM operation: HandshakeAllThreads (Deoptimize) done
Event: 22.628 Executing VM operation: Cleanup
Event: 22.628 Executing VM operation: Cleanup done

Events (20 events):
Event: 0.380 Thread 0x0000020a7a512b80 Thread exited: 0x0000020a7a512b80
Event: 0.380 Thread 0x0000020a7a512b80 Thread added: 0x0000020a7a512b80
Event: 0.494 Thread 0x0000020a60533300 Thread added: 0x0000020a60533300
Event: 0.513 Thread 0x0000020a603ea820 Thread added: 0x0000020a603ea820
Event: 3.453 Thread 0x0000020a607d0860 Thread added: 0x0000020a607d0860
Event: 5.524 Thread 0x0000020a60533300 Thread exited: 0x0000020a60533300
Event: 11.322 Thread 0x0000020a607d0ef0 Thread added: 0x0000020a607d0ef0
Event: 11.371 Thread 0x0000020a61860890 Thread added: 0x0000020a61860890
Event: 12.085 Thread 0x0000020a61860890 Thread exited: 0x0000020a61860890
Event: 15.387 Thread 0x0000020a607cfb40 Thread added: 0x0000020a607cfb40
Event: 15.616 Thread 0x0000020a607d01d0 Thread added: 0x0000020a607d01d0
Event: 15.633 Thread 0x0000020a607d01d0 Thread exited: 0x0000020a607d01d0
Event: 15.663 Thread 0x0000020a607d01d0 Thread added: 0x0000020a607d01d0
Event: 15.670 Thread 0x0000020a607d01d0 Thread exited: 0x0000020a607d01d0
Event: 15.717 Thread 0x0000020a62661170 Thread added: 0x0000020a62661170
Event: 15.742 Thread 0x0000020a62661820 Thread added: 0x0000020a62661820
Event: 15.924 Thread 0x0000020a62661820 Thread exited: 0x0000020a62661820
Event: 16.038 Thread 0x0000020a62661170 Thread exited: 0x0000020a62661170
Event: 16.761 Thread 0x0000020a603ea820 Thread exited: 0x0000020a603ea820
Event: 21.562 Thread 0x0000020a607d01d0 Thread added: 0x0000020a607d01d0


Dynamic libraries:
0x00007ff7d3e80000 - 0x00007ff7d3e90000 	C:\Program Files\Java\jdk-21\bin\java.exe
0x00007ffd7c5b0000 - 0x00007ffd7c7a8000 	C:\Windows\SYSTEM32\ntdll.dll
0x00007ffd7c230000 - 0x00007ffd7c2f2000 	C:\Windows\System32\KERNEL32.DLL
0x00007ffd79c80000 - 0x00007ffd79f7e000 	C:\Windows\System32\KERNELBASE.dll
0x00007ffd7a0e0000 - 0x00007ffd7a1e0000 	C:\Windows\System32\ucrtbase.dll
0x00007ffd6cf30000 - 0x00007ffd6cf49000 	C:\Program Files\Java\jdk-21\bin\jli.dll
0x00007ffd5b8e0000 - 0x00007ffd5b8fb000 	C:\Program Files\Java\jdk-21\bin\VCRUNTIME140.dll
0x00007ffd7c360000 - 0x00007ffd7c412000 	C:\Windows\System32\ADVAPI32.dll
0x00007ffd7aa40000 - 0x00007ffd7aade000 	C:\Windows\System32\msvcrt.dll
0x00007ffd7b6b0000 - 0x00007ffd7b750000 	C:\Windows\System32\sechost.dll
0x00007ffd7b830000 - 0x00007ffd7b953000 	C:\Windows\System32\RPCRT4.dll
0x00007ffd7a290000 - 0x00007ffd7a2b7000 	C:\Windows\System32\bcrypt.dll
0x00007ffd7ac10000 - 0x00007ffd7adad000 	C:\Windows\System32\USER32.dll
0x00007ffd79c50000 - 0x00007ffd79c72000 	C:\Windows\System32\win32u.dll
0x00007ffd7b340000 - 0x00007ffd7b36b000 	C:\Windows\System32\GDI32.dll
0x00007ffd61840000 - 0x00007ffd61ada000 	C:\Windows\WinSxS\amd64_microsoft.windows.common-controls_6595b64144ccf1df_6.0.19041.4355_none_60b8b9eb71f62e16\COMCTL32.dll
0x00007ffd7a3f0000 - 0x00007ffd7a507000 	C:\Windows\System32\gdi32full.dll
0x00007ffd7a350000 - 0x00007ffd7a3ed000 	C:\Windows\System32\msvcp_win.dll
0x00007ffd6e750000 - 0x00007ffd6e75a000 	C:\Windows\SYSTEM32\VERSION.dll
0x00007ffd7c540000 - 0x00007ffd7c56f000 	C:\Windows\System32\IMM32.DLL
0x00007ffd711f0000 - 0x00007ffd711fc000 	C:\Program Files\Java\jdk-21\bin\vcruntime140_1.dll
0x00007ffd49840000 - 0x00007ffd498ce000 	C:\Program Files\Java\jdk-21\bin\msvcp140.dll
0x00007ffc7e520000 - 0x00007ffc7f237000 	C:\Program Files\Java\jdk-21\bin\server\jvm.dll
0x00007ffd7c420000 - 0x00007ffd7c48b000 	C:\Windows\System32\WS2_32.dll
0x00007ffd66590000 - 0x00007ffd665b7000 	C:\Windows\SYSTEM32\WINMM.dll
0x00007ffd79190000 - 0x00007ffd791db000 	C:\Windows\SYSTEM32\POWRPROF.dll
0x00007ffd79050000 - 0x00007ffd79062000 	C:\Windows\SYSTEM32\UMPDC.dll
0x00007ffd78420000 - 0x00007ffd78432000 	C:\Windows\SYSTEM32\kernel.appcore.dll
0x00007ffd54050000 - 0x00007ffd5405a000 	C:\Program Files\Java\jdk-21\bin\jimage.dll
0x00007ffd77830000 - 0x00007ffd77a14000 	C:\Windows\SYSTEM32\DBGHELP.DLL
0x00007ffd5ff50000 - 0x00007ffd5ff84000 	C:\Windows\SYSTEM32\dbgcore.DLL
0x00007ffd7a2c0000 - 0x00007ffd7a342000 	C:\Windows\System32\bcryptPrimitives.dll
0x00007ffd0b4e0000 - 0x00007ffd0b4ff000 	C:\Program Files\Java\jdk-21\bin\java.dll
0x00007ffd7ba10000 - 0x00007ffd7c17f000 	C:\Windows\System32\SHELL32.dll
0x00007ffd77c70000 - 0x00007ffd78414000 	C:\Windows\SYSTEM32\windows.storage.dll
0x00007ffd7ae90000 - 0x00007ffd7b1e3000 	C:\Windows\System32\combase.dll
0x00007ffd79680000 - 0x00007ffd796ae000 	C:\Windows\SYSTEM32\Wldp.dll
0x00007ffd7b5e0000 - 0x00007ffd7b6ad000 	C:\Windows\System32\OLEAUT32.dll
0x00007ffd7b960000 - 0x00007ffd7ba0d000 	C:\Windows\System32\SHCORE.dll
0x00007ffd7ae30000 - 0x00007ffd7ae85000 	C:\Windows\System32\shlwapi.dll
0x00007ffd79b80000 - 0x00007ffd79ba4000 	C:\Windows\SYSTEM32\profapi.dll
0x00007ffceee70000 - 0x00007ffceef47000 	C:\Program Files\Java\jdk-21\bin\jsvml.dll
0x00007ffd53f30000 - 0x00007ffd53f40000 	C:\Program Files\Java\jdk-21\bin\net.dll
0x00007ffd733a0000 - 0x00007ffd734ad000 	C:\Windows\SYSTEM32\WINHTTP.dll
0x00007ffd793e0000 - 0x00007ffd7944a000 	C:\Windows\system32\mswsock.dll
0x00007ffd09f40000 - 0x00007ffd09f56000 	C:\Program Files\Java\jdk-21\bin\nio.dll
0x00007ffd025f0000 - 0x00007ffd02608000 	C:\Program Files\Java\jdk-21\bin\zip.dll
0x00007ffceece0000 - 0x00007ffceee6f000 	C:\Program Files\Java\jdk-21\bin\awt.dll
0x00007ffd72c50000 - 0x00007ffd72ce4000 	C:\Windows\SYSTEM32\apphelp.dll
0x00007ffd74800000 - 0x00007ffd7489e000 	C:\Windows\system32\uxtheme.dll
0x00007ffd7aae0000 - 0x00007ffd7abf5000 	C:\Windows\System32\MSCTF.dll
0x00007ffd7b200000 - 0x00007ffd7b32b000 	C:\Windows\System32\ole32.dll
0x00007ffd770d0000 - 0x00007ffd770ff000 	C:\Windows\system32\DWMAPI.DLL
0x00007ffd02560000 - 0x00007ffd025e7000 	C:\Program Files\Java\jdk-21\bin\freetype.dll
0x00007ffcee110000 - 0x00007ffcee1f2000 	C:\Program Files\Java\jdk-21\bin\fontmanager.dll
0x00007ffd5a110000 - 0x00007ffd5a238000 	C:\Windows\system32\opengl32.dll
0x00007ffd5a630000 - 0x00007ffd5a65c000 	C:\Windows\SYSTEM32\GLU32.dll
0x00007ffd55070000 - 0x00007ffd5509e000 	C:\Program Files\Java\jdk-21\bin\javajpeg.dll
0x00007ffd7c490000 - 0x00007ffd7c539000 	C:\Windows\System32\clbcatq.dll
0x00007ffd74630000 - 0x00007ffd747e6000 	C:\Windows\SYSTEM32\WindowsCodecs.dll
0x00007ffd4aac0000 - 0x00007ffd4aafe000 	C:\Windows\system32\dataexchange.dll
0x00007ffd71770000 - 0x00007ffd719d3000 	C:\Windows\system32\d3d11.dll
0x00007ffd72070000 - 0x00007ffd72254000 	C:\Windows\system32\dcomp.dll
0x00007ffd784b0000 - 0x00007ffd785a6000 	C:\Windows\system32\dxgi.dll
0x00007ffd6ee60000 - 0x00007ffd6f063000 	C:\Windows\system32\twinapi.appcore.dll
0x00007ffd5ace0000 - 0x00007ffd5add9000 	C:\Windows\SYSTEM32\textinputframework.dll
0x00007ffd72260000 - 0x00007ffd725bb000 	C:\Windows\System32\CoreUIComponents.dll
0x00007ffd72940000 - 0x00007ffd72a32000 	C:\Windows\System32\CoreMessaging.dll
0x00007ffd78ee0000 - 0x00007ffd78f13000 	C:\Windows\SYSTEM32\ntmarta.dll
0x00007ffd734c0000 - 0x00007ffd73617000 	C:\Windows\SYSTEM32\wintypes.dll
0x00007ffd790b0000 - 0x00007ffd7917a000 	C:\Windows\SYSTEM32\DNSAPI.dll
0x00007ffd79070000 - 0x00007ffd790ab000 	C:\Windows\SYSTEM32\IPHLPAPI.DLL
0x00007ffd7b1f0000 - 0x00007ffd7b1f8000 	C:\Windows\System32\NSI.dll
0x0000000064990000 - 0x000000006499b000 	C:\Program Files\National Instruments\Shared\mDNS Responder\nimdnsNSP.dll
0x0000000064970000 - 0x0000000064981000 	C:\Windows\SYSTEM32\nimdnsResponder.dll
0x00007ffd701d0000 - 0x00007ffd701da000 	C:\Windows\System32\rasadhlp.dll
0x00007ffd6fbe0000 - 0x00007ffd6fc60000 	C:\Windows\System32\fwpuclnt.dll
0x00007ffd53530000 - 0x00007ffd53539000 	C:\Program Files\Java\jdk-21\bin\extnet.dll
0x00007ffd61790000 - 0x00007ffd61840000 	C:\Windows\WinSxS\amd64_microsoft.windows.common-controls_6595b64144ccf1df_5.82.19041.4355_none_792ecafd2442822f\comctl32.dll
0x00007ffd73d00000 - 0x00007ffd73df6000 	C:\Windows\SYSTEM32\PROPSYS.dll
0x00007ffd57520000 - 0x00007ffd57537000 	C:\Windows\system32\NetworkExplorer.dll
0x00007ffd7a510000 - 0x00007ffd7a55e000 	C:\Windows\System32\CFGMGR32.dll
0x00007ffd60b20000 - 0x00007ffd60b3d000 	C:\Windows\SYSTEM32\MPR.dll
0x00007ffd574f0000 - 0x00007ffd57519000 	C:\Windows\System32\p9np.dll
0x00007ffd574e0000 - 0x00007ffd574eb000 	C:\Windows\System32\drprov.dll
0x00007ffd788f0000 - 0x00007ffd7894b000 	C:\Windows\System32\WINSTA.dll
0x00007ffd574c0000 - 0x00007ffd574df000 	C:\Windows\System32\ntlanman.dll
0x00007ffd574a0000 - 0x00007ffd574be000 	C:\Windows\System32\davclnt.dll
0x00007ffd57490000 - 0x00007ffd5749d000 	C:\Windows\System32\DAVHLPR.dll
0x00007ffd78db0000 - 0x00007ffd78dc9000 	C:\Windows\System32\wkscli.dll
0x00007ffd51cb0000 - 0x00007ffd51cc2000 	C:\Windows\SYSTEM32\cscapi.dll
0x00007ffd79180000 - 0x00007ffd7918c000 	C:\Windows\System32\netutils.dll
0x00007ffcf4250000 - 0x00007ffcf42a6000 	C:\Windows\System32\dlnashext.dll
0x00007ffd53fe0000 - 0x00007ffd54044000 	C:\Windows\System32\PlayToDevice.dll
0x00007ffd5fca0000 - 0x00007ffd5fcc0000 	C:\Windows\System32\DevDispItemProvider.dll
0x00007ffd70ab0000 - 0x00007ffd70b35000 	C:\Windows\System32\MMDevApi.dll
0x00007ffd799e0000 - 0x00007ffd79a13000 	C:\Windows\System32\DEVOBJ.dll
0x00007ffd21a20000 - 0x00007ffd21ac2000 	C:\Windows\system32\wpdshext.dll
0x00007ffd656f0000 - 0x00007ffd65895000 	C:\Windows\WinSxS\amd64_microsoft.windows.gdiplus_6595b64144ccf1df_1.1.19041.4597_none_91a78020cc854124\gdiplus.dll
0x00007ffd6f1b0000 - 0x00007ffd6f254000 	C:\Windows\System32\PortableDeviceApi.dll
0x00007ffd7a5d0000 - 0x00007ffd7aa3e000 	C:\Windows\System32\SETUPAPI.dll
0x00007ffd7a560000 - 0x00007ffd7a5c9000 	C:\Windows\System32\WINTRUST.dll
0x00007ffd79f80000 - 0x00007ffd7a0dc000 	C:\Windows\System32\CRYPT32.dll
0x00007ffd79810000 - 0x00007ffd79822000 	C:\Windows\System32\MSASN1.dll
0x00007ffd5c930000 - 0x00007ffd5c967000 	C:\Windows\System32\EhStorShell.dll
0x00007ffd72de0000 - 0x00007ffd72e06000 	C:\Windows\System32\EhStorAPI.dll
0x00007ffd711d0000 - 0x00007ffd711e4000 	C:\Windows\System32\WTSAPI32.dll
0x00007ffd4a8d0000 - 0x00007ffd4a8dd000 	C:\Windows\SYSTEM32\LINKINFO.dll
0x00007ffd6dd90000 - 0x00007ffd6ddfa000 	C:\Windows\system32\Ninput.dll

dbghelp: loaded successfully - version: 4.0.5 - missing functions: none
symbol engine: initialized successfully - sym options: 0x614 - pdb path: .;C:\Program Files\Java\jdk-21\bin;C:\Windows\SYSTEM32;C:\Windows\WinSxS\amd64_microsoft.windows.common-controls_6595b64144ccf1df_6.0.19041.4355_none_60b8b9eb71f62e16;C:\Program Files\Java\jdk-21\bin\server;C:\Program Files\National Instruments\Shared\mDNS Responder;C:\Windows\WinSxS\amd64_microsoft.windows.common-controls_6595b64144ccf1df_5.82.19041.4355_none_792ecafd2442822f;C:\Windows\WinSxS\amd64_microsoft.windows.gdiplus_6595b64144ccf1df_1.1.19041.4597_none_91a78020cc854124

VM Arguments:
java_command: inf.doc_login
java_class_path (initial): C:\Users\ASUS\Documents\NetBeansProjects\artery_resolver_software\target\classes;C:\Users\ASUS\.m2\repository\com\mysql\mysql-connector-j\8.0.33\mysql-connector-j-8.0.33.jar;C:\Users\ASUS\.m2\repository\com\google\protobuf\protobuf-java\3.21.9\protobuf-java-3.21.9.jar;C:\Users\ASUS\.m2\repository\org\tensorflow\tensorflow-core-platform\0.4.0\tensorflow-core-platform-0.4.0.jar;C:\Users\ASUS\.m2\repository\org\bytedeco\javacpp\1.5.6\javacpp-1.5.6.jar;C:\Users\ASUS\.m2\repository\org\bytedeco\javacpp\1.5.6\javacpp-1.5.6-linux-x86_64.jar;C:\Users\ASUS\.m2\repository\org\bytedeco\javacpp\1.5.6\javacpp-1.5.6-macosx-x86_64.jar;C:\Users\ASUS\.m2\repository\org\bytedeco\javacpp\1.5.6\javacpp-1.5.6-windows-x86_64.jar;C:\Users\ASUS\.m2\repository\org\tensorflow\tensorflow-core-api\0.4.0\tensorflow-core-api-0.4.0.jar;C:\Users\ASUS\.m2\repository\org\tensorflow\ndarray\0.3.3\ndarray-0.3.3.jar;C:\Users\ASUS\.m2\repository\org\tensorflow\tensorflow-core-api\0.4.0\tensorflow-core-api-0.4.0-linux-x86_64.jar;C:\Users\ASUS\.m2\repository\org\tensorflow\tensorflow-core-api\0.4.0\tensorflow-core-api-0.4.0-macosx-x86_64.jar;C:\Users\ASUS\.m2\repository\org\tensorflow\tensorflow-core-api\0.4.0\tensorflow-core-api-0.4.0-windows-x86_64.jar;C:\Users\ASUS\.m2\repository\org\netbeans\external\AbsoluteLayout\RELEASE210\AbsoluteLayout-RELEASE210.jar
Launcher Type: SUN_STANDARD

[Global flags]
     intx CICompilerCount                          = 4                                         {product} {ergonomic}
     uint ConcGCThreads                            = 2                                         {product} {ergonomic}
     uint G1ConcRefinementThreads                  = 8                                         {product} {ergonomic}
   size_t G1HeapRegionSize                         = 1048576                                   {product} {ergonomic}
    uintx GCDrainStackTargetSize                   = 64                                        {product} {ergonomic}
   size_t InitialHeapSize                          = 130023424                                 {product} {ergonomic}
   size_t MarkStackSize                            = 4194304                                   {product} {ergonomic}
   size_t MaxHeapSize                              = 2067791872                                {product} {ergonomic}
   size_t MaxNewSize                               = 1240465408                                {product} {ergonomic}
   size_t MinHeapDeltaBytes                        = 1048576                                   {product} {ergonomic}
   size_t MinHeapSize                              = 8388608                                   {product} {ergonomic}
    uintx NonNMethodCodeHeapSize                   = 5839372                                {pd product} {ergonomic}
    uintx NonProfiledCodeHeapSize                  = 122909434                              {pd product} {ergonomic}
    uintx ProfiledCodeHeapSize                     = 122909434                              {pd product} {ergonomic}
    uintx ReservedCodeCacheSize                    = 251658240                              {pd product} {ergonomic}
     bool SegmentedCodeCache                       = true                                      {product} {ergonomic}
   size_t SoftMaxHeapSize                          = 2067791872                             {manageable} {ergonomic}
     bool UseCompressedOops                        = true                           {product lp64_product} {ergonomic}
     bool UseG1GC                                  = true                                      {product} {ergonomic}
     bool UseLargePagesIndividualAllocation        = false                                  {pd product} {ergonomic}

Logging:
Log output configuration:
 #0: stdout all=warning uptime,level,tags foldmultilines=false
 #1: stderr all=off uptime,level,tags foldmultilines=false

Environment Variables:
JAVA_HOME=C:\Program Files\Java\jdk-21
PATH=C:\Program Files\Common Files\Oracle\Java\javapath;C:\Windows\system32;C:\Windows;C:\Windows\System32\Wbem;C:\Windows\System32\WindowsPowerShell\v1.0\;C:\Windows\System32\OpenSSH\;C:\Program Files\dotnet\;C:\Program Files\Java\jdk-21\bin;C:\Program Files\MATLAB\R2022b\runtime\win64;C:\Program Files\MATLAB\R2022b\bin;C:\Program Files\nodejs\;C:\Program Files\Git\cmd;C:\Users\ASUS\AppData\Local\Programs\Python\Python310\Scripts\;C:\Users\ASUS\AppData\Local\Programs\Python\Python310\;C:\Users\ASUS\AppData\Local\Microsoft\WindowsApps;D:\PyCharm 2023.1.3\bin;;C:\Users\ASUS\AppData\Local\Programs\Microsoft VS Code\bin;C:\iverilog\bin;C:\iverilog\gtkwave\bin;C:\Users\ASUS\Desktop\IntelliJ IDEA Community Edition 2024.1.4\bin;;C:\Users\ASUS\AppData\Roaming\npm;C:\Users\ASUS\AppData\Local\GitHubDesktop\bin
USERNAME=ASUS
OS=Windows_NT
PROCESSOR_IDENTIFIER=Intel64 Family 6 Model 140 Stepping 1, GenuineIntel
TMP=C:\Users\ASUS\AppData\Local\Temp
TEMP=C:\Users\ASUS\AppData\Local\Temp




Periodic native trim disabled

---------------  S Y S T E M  ---------------

OS:
 Windows 10 , 64 bit Build 19041 (10.0.19041.4957)
OS uptime: 2 days 10:08 hours
Hyper-V role detected

CPU: total 8 (initial active 8) (4 cores per cpu, 2 threads per core) family 6 model 140 stepping 1 microcode 0x86, cx8, cmov, fxsr, ht, mmx, 3dnowpref, sse, sse2, sse3, ssse3, sse4.1, sse4.2, popcnt, lzcnt, tsc, tscinvbit, avx, avx2, aes, erms, clmul, bmi1, bmi2, adx, avx512f, avx512dq, avx512cd, avx512bw, avx512vl, sha, fma, vzeroupper, avx512_vpopcntdq, avx512_vpclmulqdq, avx512_vaes, avx512_vnni, clflush, clflushopt, clwb, avx512_vbmi2, avx512_vbmi, hv, rdtscp, rdpid, fsrm, gfni, avx512_bitalg, f16c, cet_ibt, cet_ss, avx512_ifma
Processor Information for processor 0
  Max Mhz: 2803, Current Mhz: 1501, Mhz Limit: 2803
Processor Information for processor 1
  Max Mhz: 2803, Current Mhz: 2803, Mhz Limit: 2803
Processor Information for processor 2
  Max Mhz: 2803, Current Mhz: 1501, Mhz Limit: 2803
Processor Information for processor 3
  Max Mhz: 2803, Current Mhz: 1501, Mhz Limit: 2803
Processor Information for processor 4
  Max Mhz: 2803, Current Mhz: 2803, Mhz Limit: 2803
Processor Information for processor 5
  Max Mhz: 2803, Current Mhz: 1501, Mhz Limit: 2803
Processor Information for processor 6
  Max Mhz: 2803, Current Mhz: 1501, Mhz Limit: 2803
Processor Information for processor 7
  Max Mhz: 2803, Current Mhz: 2803, Mhz Limit: 2803

Memory: 4k page, system-wide physical 7886M (450M free)
TotalPageFile size 32462M (AvailPageFile size 6M)
current process WorkingSet (physical memory assigned to process): 148M, peak: 154M
current process commit charge ("private bytes"): 262M, peak: 270M

vm_info: Java HotSpot(TM) 64-Bit Server VM (21.0.2+13-LTS-58) for windows-amd64 JRE (21.0.2+13-LTS-58), built on 2024-01-05T18:32:24Z by "mach5one" with MS VC++ 17.1 (VS2022)

END.
